2019-02-03 11:16:04.833  INFO 12004 --- [main] com.wgbing.thinker.ThinkerApplication    : Starting ThinkerApplication on wgbing-PC with PID 12004 (F:\workspace\git\thinker\target\classes started by wgbing in F:\workspace\git\thinker)
2019-02-03 11:16:04.836  INFO 12004 --- [main] com.wgbing.thinker.ThinkerApplication    : The following profiles are active: dev
2019-02-03 11:16:04.880  INFO 12004 --- [main] ConfigServletWebServerApplicationContext : Refreshing org.springframework.boot.web.servlet.context.AnnotationConfigServletWebServerApplicationContext@1a760689: startup date [Sun Feb 03 11:16:04 CST 2019]; root of context hierarchy
2019-02-03 11:16:05.786  INFO 12004 --- [main] o.s.b.f.s.DefaultListableBeanFactory     : Overriding bean definition for bean 'customSecurityFilter' with a different definition: replacing [Generic bean: class [com.wgbing.thinker.config.security.CustomSecurityFilter]; scope=singleton; abstract=false; lazyInit=false; autowireMode=0; dependencyCheck=0; autowireCandidate=true; primary=false; factoryBeanName=null; factoryMethodName=null; initMethodName=null; destroyMethodName=null; defined in file [F:\workspace\git\thinker\target\classes\com\wgbing\thinker\config\security\CustomSecurityFilter.class]] with [Root bean: class [null]; scope=; abstract=false; lazyInit=false; autowireMode=3; dependencyCheck=0; autowireCandidate=true; primary=false; factoryBeanName=webSecurityConfig; factoryMethodName=customSecurityFilter; initMethodName=null; destroyMethodName=(inferred); defined in class path resource [com/wgbing/thinker/config/security/WebSecurityConfig.class]]
2019-02-03 11:16:06.463  INFO 12004 --- [main] trationDelegate$BeanPostProcessorChecker : Bean 'org.springframework.security.config.annotation.configuration.ObjectPostProcessorConfiguration' of type [org.springframework.security.config.annotation.configuration.ObjectPostProcessorConfiguration$$EnhancerBySpringCGLIB$$835a5634] is not eligible for getting processed by all BeanPostProcessors (for example: not eligible for auto-proxying)
2019-02-03 11:16:06.480  INFO 12004 --- [main] trationDelegate$BeanPostProcessorChecker : Bean 'objectPostProcessor' of type [org.springframework.security.config.annotation.configuration.AutowireBeanFactoryObjectPostProcessor] is not eligible for getting processed by all BeanPostProcessors (for example: not eligible for auto-proxying)
2019-02-03 11:16:06.482  INFO 12004 --- [main] trationDelegate$BeanPostProcessorChecker : Bean 'org.springframework.security.access.expression.method.DefaultMethodSecurityExpressionHandler@76332405' of type [org.springframework.security.access.expression.method.DefaultMethodSecurityExpressionHandler] is not eligible for getting processed by all BeanPostProcessors (for example: not eligible for auto-proxying)
2019-02-03 11:16:06.486  INFO 12004 --- [main] trationDelegate$BeanPostProcessorChecker : Bean 'org.springframework.security.config.annotation.method.configuration.GlobalMethodSecurityConfiguration' of type [org.springframework.security.config.annotation.method.configuration.GlobalMethodSecurityConfiguration$$EnhancerBySpringCGLIB$$a82ef8e6] is not eligible for getting processed by all BeanPostProcessors (for example: not eligible for auto-proxying)
2019-02-03 11:16:06.497  INFO 12004 --- [main] trationDelegate$BeanPostProcessorChecker : Bean 'methodSecurityMetadataSource' of type [org.springframework.security.access.method.DelegatingMethodSecurityMetadataSource] is not eligible for getting processed by all BeanPostProcessors (for example: not eligible for auto-proxying)
2019-02-03 11:16:06.508  INFO 12004 --- [main] trationDelegate$BeanPostProcessorChecker : Bean 'org.springframework.transaction.annotation.ProxyTransactionManagementConfiguration' of type [org.springframework.transaction.annotation.ProxyTransactionManagementConfiguration$$EnhancerBySpringCGLIB$$eaac8dfa] is not eligible for getting processed by all BeanPostProcessors (for example: not eligible for auto-proxying)
2019-02-03 11:16:06.909  INFO 12004 --- [main] o.s.b.w.embedded.tomcat.TomcatWebServer  : Tomcat initialized with port(s): 8088 (http)
2019-02-03 11:16:07.023  INFO 12004 --- [main] o.apache.catalina.core.StandardService   : Starting service [Tomcat]
2019-02-03 11:16:07.023  INFO 12004 --- [main] org.apache.catalina.core.StandardEngine  : Starting Servlet Engine: Apache Tomcat/8.5.31
2019-02-03 11:16:07.038  INFO 12004 --- [localhost-startStop-1] o.a.catalina.core.AprLifecycleListener   : The APR based Apache Tomcat Native library which allows optimal performance in production environments was not found on the java.library.path: [C:\Program Files\Java\jdk1.8.0_151\bin;C:\Windows\Sun\Java\bin;C:\Windows\system32;C:\Windows;C:\Program Files (x86)\Common Files\Oracle\Java\javapath;C:\ProgramData\Oracle\Java\javapath;C:\Program Files (x86)\Intel\iCLS Client\;C:\Program Files\Intel\iCLS Client\;C:\Windows\system32;C:\Windows;C:\Windows\System32\Wbem;C:\Windows\System32\WindowsPowerShell\v1.0\;C:\Program Files (x86)\Intel\UCRT\;C:\Program Files\Intel\UCRT\;C:\Program Files (x86)\Intel\Intel(R) Management Engine Components\DAL;C:\Program Files\Intel\Intel(R) Management Engine Components\DAL;C:\Program Files (x86)\Intel\Intel(R) Management Engine Components\IPT;C:\Program Files\Intel\Intel(R) Management Engine Components\IPT;C:\Program Files\Java\jdk1.8.0_151\bin;C:\Program Files\Java\jdk1.8.0_151\jre\bin;C:\Program Files\MySQL\MySQL Utilities 1.6\;C:\Program Files\apache-maven-3.5.2\bin\;C:\Program Files\dotnet\;C:\Program Files\Microsoft SQL Server\130\Tools\Binn\;C:\Program Files\Java\jdk1.8.0_151\bin;C:\Program Files\Java\jdk1.8.0_151\jre\bin;C:\Program Files (x86)\Java\jdk1.8.0_181\bin;C:\Program Files (x86)\Java\jdk1.8.0_181\jre\bin;D:\Program Files\Python\Python37\Scripts\;D:\Program Files\Python\Python37\;D:\Program Files\Microsoft VS Code\bin;.]
2019-02-03 11:16:07.171  INFO 12004 --- [localhost-startStop-1] o.a.c.c.C.[Tomcat].[localhost].[/]       : Initializing Spring embedded WebApplicationContext
2019-02-03 11:16:07.559  INFO 12004 --- [localhost-startStop-1] j.LocalContainerEntityManagerFactoryBean : Building JPA container EntityManagerFactory for persistence unit 'primaryPersistenceUnit'
2019-02-03 11:16:07.578  INFO 12004 --- [localhost-startStop-1] o.hibernate.jpa.internal.util.LogHelper  : HHH000204: Processing PersistenceUnitInfo [
	name: primaryPersistenceUnit
	...]
2019-02-03 11:16:07.668  INFO 12004 --- [localhost-startStop-1] org.hibernate.Version                    : HHH000412: Hibernate Core {5.2.17.Final}
2019-02-03 11:16:07.671  INFO 12004 --- [localhost-startStop-1] org.hibernate.cfg.Environment            : HHH000206: hibernate.properties not found
2019-02-03 11:16:07.720  INFO 12004 --- [localhost-startStop-1] o.hibernate.annotations.common.Version   : HCANN000001: Hibernate Commons Annotations {5.0.1.Final}
2019-02-03 11:16:08.465  INFO 12004 --- [localhost-startStop-1] com.zaxxer.hikari.HikariDataSource       : HikariPool-1 - Starting...
2019-02-03 11:16:08.705  INFO 12004 --- [localhost-startStop-1] com.zaxxer.hikari.HikariDataSource       : HikariPool-1 - Start completed.
2019-02-03 11:16:08.720  INFO 12004 --- [localhost-startStop-1] org.hibernate.dialect.Dialect            : HHH000400: Using dialect: org.hibernate.dialect.MySQL5InnoDBDialect
2019-02-03 11:16:09.673  INFO 12004 --- [localhost-startStop-1] j.LocalContainerEntityManagerFactoryBean : Initialized JPA EntityManagerFactory for persistence unit 'primaryPersistenceUnit'
2019-02-03 11:16:10.043  INFO 12004 --- [localhost-startStop-1] o.h.h.i.QueryTranslatorFactoryInitiator  : HHH000397: Using ASTQueryTranslatorFactory
2019-02-03 11:16:10.398  WARN 12004 --- [localhost-startStop-1] c.w.t.c.security.CustomSecurityFilter    : Could not validate configuration attributes as the SecurityMetadataSource did not return any attributes from getAllConfigAttributes()
2019-02-03 11:16:10.480  INFO 12004 --- [localhost-startStop-1] o.s.b.w.servlet.FilterRegistrationBean   : Mapping filter: 'characterEncodingFilter' to: [/*]
2019-02-03 11:16:10.481  INFO 12004 --- [localhost-startStop-1] .s.DelegatingFilterProxyRegistrationBean : Mapping filter: 'springSecurityFilterChain' to: [/*]
2019-02-03 11:16:10.481  INFO 12004 --- [localhost-startStop-1] o.s.b.w.servlet.FilterRegistrationBean   : Mapping filter: 'customSecurityFilter' to: [/*]
2019-02-03 11:16:10.481  INFO 12004 --- [localhost-startStop-1] o.s.b.w.servlet.FilterRegistrationBean   : Mapping filter: 'customUsernamePasswordAuthenticationFilter' to: [/*]
2019-02-03 11:16:10.481  INFO 12004 --- [localhost-startStop-1] o.s.b.w.servlet.FilterRegistrationBean   : Mapping filter: 'concurrencyFilter' to: [/*]
2019-02-03 11:16:10.481  INFO 12004 --- [localhost-startStop-1] o.s.b.w.servlet.ServletRegistrationBean  : Servlet dispatcherServlet mapped to [/]
2019-02-03 11:16:11.543  INFO 12004 --- [main] o.s.s.web.DefaultSecurityFilterChain     : Creating filter chain: org.springframework.security.web.util.matcher.AnyRequestMatcher@1, [org.springframework.security.web.context.request.async.WebAsyncManagerIntegrationFilter@4e0cc334, org.springframework.security.web.context.SecurityContextPersistenceFilter@392781e, org.springframework.security.web.header.HeaderWriterFilter@3b481bf5, org.springframework.security.web.csrf.CsrfFilter@7f3ca64a, org.springframework.security.web.authentication.logout.LogoutFilter@5fdfe8cf, com.wgbing.thinker.config.security.CustomAuthenticationFilter@7279db15, org.springframework.security.web.authentication.UsernamePasswordAuthenticationFilter@9b47400, org.springframework.security.web.session.ConcurrentSessionFilter@132aa12c, org.springframework.security.web.savedrequest.RequestCacheAwareFilter@28cd2c2, org.springframework.security.web.servletapi.SecurityContextHolderAwareRequestFilter@902fdbe, org.springframework.security.web.authentication.AnonymousAuthenticationFilter@1e12a5a6, org.springframework.security.web.session.SessionManagementFilter@67fb5025, org.springframework.security.web.access.ExceptionTranslationFilter@459003a0, com.wgbing.thinker.config.security.CustomSecurityFilter@4a56914e, org.springframework.security.web.access.intercept.FilterSecurityInterceptor@1c628f6a]
2019-02-03 11:16:12.038  WARN 12004 --- [main] aWebConfiguration$JpaWebMvcConfiguration : spring.jpa.open-in-view is enabled by default. Therefore, database queries may be performed during view rendering. Explicitly configure spring.jpa.open-in-view to disable this warning
2019-02-03 11:16:12.332  INFO 12004 --- [main] o.s.j.e.a.AnnotationMBeanExporter        : Registering beans for JMX exposure on startup
2019-02-03 11:16:12.333  INFO 12004 --- [main] o.s.j.e.a.AnnotationMBeanExporter        : Bean with name 'dataSource' has been autodetected for JMX exposure
2019-02-03 11:16:12.339  INFO 12004 --- [main] o.s.j.e.a.AnnotationMBeanExporter        : Located MBean 'dataSource': registering with JMX server as MBean [com.zaxxer.hikari:name=dataSource,type=HikariDataSource]
2019-02-03 11:16:12.376  INFO 12004 --- [main] o.s.b.w.embedded.tomcat.TomcatWebServer  : Tomcat started on port(s): 8088 (http) with context path ''
2019-02-03 11:16:12.379  INFO 12004 --- [main] com.wgbing.thinker.ThinkerApplication    : Started ThinkerApplication in 8.485 seconds (JVM running for 9.025)
2019-02-03 11:29:20.473  INFO 10640 --- [main] com.wgbing.thinker.ThinkerApplication    : Starting ThinkerApplication on wgbing-PC with PID 10640 (F:\workspace\git\thinker\target\classes started by wgbing in F:\workspace\git\thinker)
2019-02-03 11:29:20.477  INFO 10640 --- [main] com.wgbing.thinker.ThinkerApplication    : The following profiles are active: dev
2019-02-03 11:29:20.534  INFO 10640 --- [main] ConfigServletWebServerApplicationContext : Refreshing org.springframework.boot.web.servlet.context.AnnotationConfigServletWebServerApplicationContext@4982cc36: startup date [Sun Feb 03 11:29:20 CST 2019]; root of context hierarchy
2019-02-03 11:29:21.727  INFO 10640 --- [main] o.s.b.f.s.DefaultListableBeanFactory     : Overriding bean definition for bean 'customSecurityFilter' with a different definition: replacing [Generic bean: class [com.wgbing.thinker.config.security.CustomSecurityFilter]; scope=singleton; abstract=false; lazyInit=false; autowireMode=0; dependencyCheck=0; autowireCandidate=true; primary=false; factoryBeanName=null; factoryMethodName=null; initMethodName=null; destroyMethodName=null; defined in file [F:\workspace\git\thinker\target\classes\com\wgbing\thinker\config\security\CustomSecurityFilter.class]] with [Root bean: class [null]; scope=; abstract=false; lazyInit=false; autowireMode=3; dependencyCheck=0; autowireCandidate=true; primary=false; factoryBeanName=webSecurityConfig; factoryMethodName=customSecurityFilter; initMethodName=null; destroyMethodName=(inferred); defined in class path resource [com/wgbing/thinker/config/security/WebSecurityConfig.class]]
2019-02-03 11:29:22.482  INFO 10640 --- [main] trationDelegate$BeanPostProcessorChecker : Bean 'org.springframework.security.config.annotation.configuration.ObjectPostProcessorConfiguration' of type [org.springframework.security.config.annotation.configuration.ObjectPostProcessorConfiguration$$EnhancerBySpringCGLIB$$4a4e7969] is not eligible for getting processed by all BeanPostProcessors (for example: not eligible for auto-proxying)
2019-02-03 11:29:22.499  INFO 10640 --- [main] trationDelegate$BeanPostProcessorChecker : Bean 'objectPostProcessor' of type [org.springframework.security.config.annotation.configuration.AutowireBeanFactoryObjectPostProcessor] is not eligible for getting processed by all BeanPostProcessors (for example: not eligible for auto-proxying)
2019-02-03 11:29:22.500  INFO 10640 --- [main] trationDelegate$BeanPostProcessorChecker : Bean 'org.springframework.security.access.expression.method.DefaultMethodSecurityExpressionHandler@574a89e2' of type [org.springframework.security.access.expression.method.DefaultMethodSecurityExpressionHandler] is not eligible for getting processed by all BeanPostProcessors (for example: not eligible for auto-proxying)
2019-02-03 11:29:22.509  INFO 10640 --- [main] trationDelegate$BeanPostProcessorChecker : Bean 'org.springframework.security.config.annotation.method.configuration.GlobalMethodSecurityConfiguration' of type [org.springframework.security.config.annotation.method.configuration.GlobalMethodSecurityConfiguration$$EnhancerBySpringCGLIB$$6f231c1b] is not eligible for getting processed by all BeanPostProcessors (for example: not eligible for auto-proxying)
2019-02-03 11:29:22.517  INFO 10640 --- [main] trationDelegate$BeanPostProcessorChecker : Bean 'methodSecurityMetadataSource' of type [org.springframework.security.access.method.DelegatingMethodSecurityMetadataSource] is not eligible for getting processed by all BeanPostProcessors (for example: not eligible for auto-proxying)
2019-02-03 11:29:22.530  INFO 10640 --- [main] trationDelegate$BeanPostProcessorChecker : Bean 'org.springframework.transaction.annotation.ProxyTransactionManagementConfiguration' of type [org.springframework.transaction.annotation.ProxyTransactionManagementConfiguration$$EnhancerBySpringCGLIB$$b1a0b12f] is not eligible for getting processed by all BeanPostProcessors (for example: not eligible for auto-proxying)
2019-02-03 11:29:23.286  INFO 10640 --- [main] o.s.b.w.embedded.tomcat.TomcatWebServer  : Tomcat initialized with port(s): 8088 (http)
2019-02-03 11:29:23.421  INFO 10640 --- [main] o.apache.catalina.core.StandardService   : Starting service [Tomcat]
2019-02-03 11:29:23.422  INFO 10640 --- [main] org.apache.catalina.core.StandardEngine  : Starting Servlet Engine: Apache Tomcat/8.5.31
2019-02-03 11:29:23.438  INFO 10640 --- [localhost-startStop-1] o.a.catalina.core.AprLifecycleListener   : The APR based Apache Tomcat Native library which allows optimal performance in production environments was not found on the java.library.path: [C:\Program Files\Java\jdk1.8.0_151\bin;C:\Windows\Sun\Java\bin;C:\Windows\system32;C:\Windows;C:\Program Files (x86)\Common Files\Oracle\Java\javapath;C:\ProgramData\Oracle\Java\javapath;C:\Program Files (x86)\Intel\iCLS Client\;C:\Program Files\Intel\iCLS Client\;C:\Windows\system32;C:\Windows;C:\Windows\System32\Wbem;C:\Windows\System32\WindowsPowerShell\v1.0\;C:\Program Files (x86)\Intel\UCRT\;C:\Program Files\Intel\UCRT\;C:\Program Files (x86)\Intel\Intel(R) Management Engine Components\DAL;C:\Program Files\Intel\Intel(R) Management Engine Components\DAL;C:\Program Files (x86)\Intel\Intel(R) Management Engine Components\IPT;C:\Program Files\Intel\Intel(R) Management Engine Components\IPT;C:\Program Files\Java\jdk1.8.0_151\bin;C:\Program Files\Java\jdk1.8.0_151\jre\bin;C:\Program Files\MySQL\MySQL Utilities 1.6\;C:\Program Files\apache-maven-3.5.2\bin\;C:\Program Files\dotnet\;C:\Program Files\Microsoft SQL Server\130\Tools\Binn\;C:\Program Files\Java\jdk1.8.0_151\bin;C:\Program Files\Java\jdk1.8.0_151\jre\bin;C:\Program Files (x86)\Java\jdk1.8.0_181\bin;C:\Program Files (x86)\Java\jdk1.8.0_181\jre\bin;D:\Program Files\Python\Python37\Scripts\;D:\Program Files\Python\Python37\;D:\Program Files\Microsoft VS Code\bin;.]
2019-02-03 11:29:23.630  INFO 10640 --- [localhost-startStop-1] o.a.c.c.C.[Tomcat].[localhost].[/]       : Initializing Spring embedded WebApplicationContext
2019-02-03 11:29:24.457  INFO 10640 --- [localhost-startStop-1] j.LocalContainerEntityManagerFactoryBean : Building JPA container EntityManagerFactory for persistence unit 'primaryPersistenceUnit'
2019-02-03 11:29:24.554  INFO 10640 --- [localhost-startStop-1] o.hibernate.jpa.internal.util.LogHelper  : HHH000204: Processing PersistenceUnitInfo [
	name: primaryPersistenceUnit
	...]
2019-02-03 11:29:25.021  INFO 10640 --- [localhost-startStop-1] org.hibernate.Version                    : HHH000412: Hibernate Core {5.2.17.Final}
2019-02-03 11:29:25.035  INFO 10640 --- [localhost-startStop-1] org.hibernate.cfg.Environment            : HHH000206: hibernate.properties not found
2019-02-03 11:29:25.279  INFO 10640 --- [localhost-startStop-1] o.hibernate.annotations.common.Version   : HCANN000001: Hibernate Commons Annotations {5.0.1.Final}
2019-02-03 11:29:26.526  INFO 10640 --- [localhost-startStop-1] com.zaxxer.hikari.HikariDataSource       : HikariPool-1 - Starting...
2019-02-03 11:29:26.805  INFO 10640 --- [localhost-startStop-1] com.zaxxer.hikari.HikariDataSource       : HikariPool-1 - Start completed.
2019-02-03 11:29:26.972  INFO 10640 --- [localhost-startStop-1] org.hibernate.dialect.Dialect            : HHH000400: Using dialect: org.hibernate.dialect.MySQL5InnoDBDialect
2019-02-03 11:29:29.708  INFO 10640 --- [localhost-startStop-1] j.LocalContainerEntityManagerFactoryBean : Initialized JPA EntityManagerFactory for persistence unit 'primaryPersistenceUnit'
2019-02-03 11:29:30.270  INFO 10640 --- [localhost-startStop-1] o.h.h.i.QueryTranslatorFactoryInitiator  : HHH000397: Using ASTQueryTranslatorFactory
2019-02-03 11:29:31.023  WARN 10640 --- [localhost-startStop-1] c.w.t.c.security.CustomSecurityFilter    : Could not validate configuration attributes as the SecurityMetadataSource did not return any attributes from getAllConfigAttributes()
2019-02-03 11:29:31.180  INFO 10640 --- [localhost-startStop-1] o.s.b.w.servlet.FilterRegistrationBean   : Mapping filter: 'characterEncodingFilter' to: [/*]
2019-02-03 11:29:31.181  INFO 10640 --- [localhost-startStop-1] .s.DelegatingFilterProxyRegistrationBean : Mapping filter: 'springSecurityFilterChain' to: [/*]
2019-02-03 11:29:31.183  INFO 10640 --- [localhost-startStop-1] o.s.b.w.servlet.FilterRegistrationBean   : Mapping filter: 'customSecurityFilter' to: [/*]
2019-02-03 11:29:31.184  INFO 10640 --- [localhost-startStop-1] o.s.b.w.servlet.FilterRegistrationBean   : Mapping filter: 'customUsernamePasswordAuthenticationFilter' to: [/*]
2019-02-03 11:29:31.184  INFO 10640 --- [localhost-startStop-1] o.s.b.w.servlet.FilterRegistrationBean   : Mapping filter: 'concurrencyFilter' to: [/*]
2019-02-03 11:29:31.185  INFO 10640 --- [localhost-startStop-1] o.s.b.w.servlet.ServletRegistrationBean  : Servlet dispatcherServlet mapped to [/]
2019-02-03 11:29:32.088  INFO 10640 --- [main] o.s.s.web.DefaultSecurityFilterChain     : Creating filter chain: org.springframework.security.web.util.matcher.AnyRequestMatcher@1, [org.springframework.security.web.context.request.async.WebAsyncManagerIntegrationFilter@151ab2b9, org.springframework.security.web.context.SecurityContextPersistenceFilter@75fe1619, org.springframework.security.web.header.HeaderWriterFilter@29bcf51d, org.springframework.security.web.csrf.CsrfFilter@1bedc703, org.springframework.security.web.authentication.logout.LogoutFilter@422ab737, com.wgbing.thinker.config.security.CustomAuthenticationFilter@64b55841, org.springframework.security.web.authentication.UsernamePasswordAuthenticationFilter@322e49ee, org.springframework.security.web.session.ConcurrentSessionFilter@8232aa8, org.springframework.security.web.savedrequest.RequestCacheAwareFilter@5d66e944, org.springframework.security.web.servletapi.SecurityContextHolderAwareRequestFilter@412c5e8b, org.springframework.security.web.authentication.AnonymousAuthenticationFilter@13ed066e, org.springframework.security.web.session.SessionManagementFilter@f238e4f, org.springframework.security.web.access.ExceptionTranslationFilter@7d4d8579, com.wgbing.thinker.config.security.CustomSecurityFilter@3662a4dd, org.springframework.security.web.access.intercept.FilterSecurityInterceptor@3592c1c4]
2019-02-03 11:29:32.730  WARN 10640 --- [main] aWebConfiguration$JpaWebMvcConfiguration : spring.jpa.open-in-view is enabled by default. Therefore, database queries may be performed during view rendering. Explicitly configure spring.jpa.open-in-view to disable this warning
2019-02-03 11:29:33.107  INFO 10640 --- [main] o.s.j.e.a.AnnotationMBeanExporter        : Registering beans for JMX exposure on startup
2019-02-03 11:29:33.109  INFO 10640 --- [main] o.s.j.e.a.AnnotationMBeanExporter        : Bean with name 'dataSource' has been autodetected for JMX exposure
2019-02-03 11:29:33.115  INFO 10640 --- [main] o.s.j.e.a.AnnotationMBeanExporter        : Located MBean 'dataSource': registering with JMX server as MBean [com.zaxxer.hikari:name=dataSource,type=HikariDataSource]
2019-02-03 11:29:33.164  INFO 10640 --- [main] o.s.b.w.embedded.tomcat.TomcatWebServer  : Tomcat started on port(s): 8088 (http) with context path ''
2019-02-03 11:29:33.167  INFO 10640 --- [main] com.wgbing.thinker.ThinkerApplication    : Started ThinkerApplication in 13.733 seconds (JVM running for 14.458)
