2019-03-04 23:29:37.720  INFO 1771 --- [main] com.wgbing.thinker.ThinkerApplication    : Starting ThinkerApplication on wgbingdeMacBook-Pro.local with PID 1771 (/Users/wgbing/IdeaProjects/GitHub/thinker/target/classes started by wgbing in /Users/wgbing/IdeaProjects/GitHub/thinker)
2019-03-04 23:29:37.728  INFO 1771 --- [main] com.wgbing.thinker.ThinkerApplication    : The following profiles are active: dev
2019-03-04 23:29:37.951  INFO 1771 --- [main] ConfigServletWebServerApplicationContext : Refreshing org.springframework.boot.web.servlet.context.AnnotationConfigServletWebServerApplicationContext@2f48b3d2: startup date [Mon Mar 04 23:29:37 CST 2019]; root of context hierarchy
2019-03-04 23:29:39.139  INFO 1771 --- [main] o.s.b.f.s.DefaultListableBeanFactory     : Overriding bean definition for bean 'customSecurityFilter' with a different definition: replacing [Generic bean: class [com.wgbing.thinker.config.security.CustomSecurityFilter]; scope=singleton; abstract=false; lazyInit=false; autowireMode=0; dependencyCheck=0; autowireCandidate=true; primary=false; factoryBeanName=null; factoryMethodName=null; initMethodName=null; destroyMethodName=null; defined in file [/Users/wgbing/IdeaProjects/GitHub/thinker/target/classes/com/wgbing/thinker/config/security/CustomSecurityFilter.class]] with [Root bean: class [null]; scope=; abstract=false; lazyInit=false; autowireMode=3; dependencyCheck=0; autowireCandidate=true; primary=false; factoryBeanName=webSecurityConfig; factoryMethodName=customSecurityFilter; initMethodName=null; destroyMethodName=(inferred); defined in class path resource [com/wgbing/thinker/config/security/WebSecurityConfig.class]]
2019-03-04 23:29:40.202  INFO 1771 --- [main] trationDelegate$BeanPostProcessorChecker : Bean 'org.springframework.security.config.annotation.configuration.ObjectPostProcessorConfiguration' of type [org.springframework.security.config.annotation.configuration.ObjectPostProcessorConfiguration$$EnhancerBySpringCGLIB$$bb3e5c42] is not eligible for getting processed by all BeanPostProcessors (for example: not eligible for auto-proxying)
2019-03-04 23:29:40.225  INFO 1771 --- [main] trationDelegate$BeanPostProcessorChecker : Bean 'objectPostProcessor' of type [org.springframework.security.config.annotation.configuration.AutowireBeanFactoryObjectPostProcessor] is not eligible for getting processed by all BeanPostProcessors (for example: not eligible for auto-proxying)
2019-03-04 23:29:40.258  INFO 1771 --- [main] trationDelegate$BeanPostProcessorChecker : Bean 'org.springframework.security.access.expression.method.DefaultMethodSecurityExpressionHandler@7ceb4478' of type [org.springframework.security.access.expression.method.DefaultMethodSecurityExpressionHandler] is not eligible for getting processed by all BeanPostProcessors (for example: not eligible for auto-proxying)
2019-03-04 23:29:40.274  INFO 1771 --- [main] trationDelegate$BeanPostProcessorChecker : Bean 'org.springframework.security.config.annotation.method.configuration.GlobalMethodSecurityConfiguration' of type [org.springframework.security.config.annotation.method.configuration.GlobalMethodSecurityConfiguration$$EnhancerBySpringCGLIB$$e012fef4] is not eligible for getting processed by all BeanPostProcessors (for example: not eligible for auto-proxying)
2019-03-04 23:29:40.295  INFO 1771 --- [main] trationDelegate$BeanPostProcessorChecker : Bean 'methodSecurityMetadataSource' of type [org.springframework.security.access.method.DelegatingMethodSecurityMetadataSource] is not eligible for getting processed by all BeanPostProcessors (for example: not eligible for auto-proxying)
2019-03-04 23:29:40.309  INFO 1771 --- [main] trationDelegate$BeanPostProcessorChecker : Bean 'org.springframework.transaction.annotation.ProxyTransactionManagementConfiguration' of type [org.springframework.transaction.annotation.ProxyTransactionManagementConfiguration$$EnhancerBySpringCGLIB$$22909408] is not eligible for getting processed by all BeanPostProcessors (for example: not eligible for auto-proxying)
2019-03-04 23:29:40.855  INFO 1771 --- [main] o.s.b.w.embedded.tomcat.TomcatWebServer  : Tomcat initialized with port(s): 8088 (http)
2019-03-04 23:29:40.888  INFO 1771 --- [main] o.apache.catalina.core.StandardService   : Starting service [Tomcat]
2019-03-04 23:29:40.888  INFO 1771 --- [main] org.apache.catalina.core.StandardEngine  : Starting Servlet Engine: Apache Tomcat/8.5.31
2019-03-04 23:29:40.894  INFO 1771 --- [localhost-startStop-1] o.a.catalina.core.AprLifecycleListener   : The APR based Apache Tomcat Native library which allows optimal performance in production environments was not found on the java.library.path: [/Users/wgbing/Library/Java/Extensions:/Library/Java/Extensions:/Network/Library/Java/Extensions:/System/Library/Java/Extensions:/usr/lib/java:.]
2019-03-04 23:29:41.036  INFO 1771 --- [localhost-startStop-1] o.a.c.c.C.[Tomcat].[localhost].[/]       : Initializing Spring embedded WebApplicationContext
2019-03-04 23:29:41.771  INFO 1771 --- [localhost-startStop-1] j.LocalContainerEntityManagerFactoryBean : Building JPA container EntityManagerFactory for persistence unit 'primaryPersistenceUnit'
2019-03-04 23:29:41.793  INFO 1771 --- [localhost-startStop-1] o.hibernate.jpa.internal.util.LogHelper  : HHH000204: Processing PersistenceUnitInfo [
	name: primaryPersistenceUnit
	...]
2019-03-04 23:29:42.123  INFO 1771 --- [localhost-startStop-1] org.hibernate.Version                    : HHH000412: Hibernate Core {5.2.17.Final}
2019-03-04 23:29:42.127  INFO 1771 --- [localhost-startStop-1] org.hibernate.cfg.Environment            : HHH000206: hibernate.properties not found
2019-03-04 23:29:42.225  INFO 1771 --- [localhost-startStop-1] o.hibernate.annotations.common.Version   : HCANN000001: Hibernate Commons Annotations {5.0.1.Final}
2019-03-04 23:29:42.835  INFO 1771 --- [localhost-startStop-1] com.zaxxer.hikari.HikariDataSource       : HikariPool-1 - Starting...
2019-03-04 23:29:43.152  INFO 1771 --- [localhost-startStop-1] com.zaxxer.hikari.HikariDataSource       : HikariPool-1 - Start completed.
2019-03-04 23:29:43.184  INFO 1771 --- [localhost-startStop-1] org.hibernate.dialect.Dialect            : HHH000400: Using dialect: org.hibernate.dialect.MySQL5InnoDBDialect
2019-03-04 23:29:44.745  INFO 1771 --- [localhost-startStop-1] j.LocalContainerEntityManagerFactoryBean : Initialized JPA EntityManagerFactory for persistence unit 'primaryPersistenceUnit'
2019-03-04 23:29:45.238  INFO 1771 --- [localhost-startStop-1] o.h.h.i.QueryTranslatorFactoryInitiator  : HHH000397: Using ASTQueryTranslatorFactory
2019-03-04 23:29:45.983  WARN 1771 --- [localhost-startStop-1] c.w.t.c.security.CustomSecurityFilter    : Could not validate configuration attributes as the SecurityMetadataSource did not return any attributes from getAllConfigAttributes()
2019-03-04 23:29:46.115  INFO 1771 --- [localhost-startStop-1] o.s.b.w.servlet.FilterRegistrationBean   : Mapping filter: 'characterEncodingFilter' to: [/*]
2019-03-04 23:29:46.116  INFO 1771 --- [localhost-startStop-1] .s.DelegatingFilterProxyRegistrationBean : Mapping filter: 'springSecurityFilterChain' to: [/*]
2019-03-04 23:29:46.117  INFO 1771 --- [localhost-startStop-1] o.s.b.w.servlet.FilterRegistrationBean   : Mapping filter: 'customSecurityFilter' to: [/*]
2019-03-04 23:29:46.117  INFO 1771 --- [localhost-startStop-1] o.s.b.w.servlet.FilterRegistrationBean   : Mapping filter: 'customUsernamePasswordAuthenticationFilter' to: [/*]
2019-03-04 23:29:46.117  INFO 1771 --- [localhost-startStop-1] o.s.b.w.servlet.FilterRegistrationBean   : Mapping filter: 'concurrencyFilter' to: [/*]
2019-03-04 23:29:46.117  INFO 1771 --- [localhost-startStop-1] o.s.b.w.servlet.ServletRegistrationBean  : Servlet dispatcherServlet mapped to [/]
2019-03-04 23:29:47.281  INFO 1771 --- [main] o.s.s.web.DefaultSecurityFilterChain     : Creating filter chain: org.springframework.security.web.util.matcher.AnyRequestMatcher@1, [org.springframework.security.web.context.request.async.WebAsyncManagerIntegrationFilter@3dce6dd8, org.springframework.security.web.context.SecurityContextPersistenceFilter@1f782c05, org.springframework.security.web.header.HeaderWriterFilter@764b14b8, org.springframework.security.web.csrf.CsrfFilter@17d2b075, org.springframework.security.web.authentication.logout.LogoutFilter@6b321262, com.wgbing.thinker.config.security.CustomAuthenticationFilter@5e98d1ea, org.springframework.security.web.authentication.UsernamePasswordAuthenticationFilter@3292d91a, org.springframework.security.web.session.ConcurrentSessionFilter@69996b8e, org.springframework.security.web.savedrequest.RequestCacheAwareFilter@6d6ac396, org.springframework.security.web.servletapi.SecurityContextHolderAwareRequestFilter@11787b64, org.springframework.security.web.authentication.AnonymousAuthenticationFilter@69f2cb04, org.springframework.security.web.session.SessionManagementFilter@202d9236, org.springframework.security.web.access.ExceptionTranslationFilter@4a070cf0, com.wgbing.thinker.config.security.CustomSecurityFilter@5285a385, org.springframework.security.web.access.intercept.FilterSecurityInterceptor@420a8042]
2019-03-04 23:29:47.561  WARN 1771 --- [main] aWebConfiguration$JpaWebMvcConfiguration : spring.jpa.open-in-view is enabled by default. Therefore, database queries may be performed during view rendering. Explicitly configure spring.jpa.open-in-view to disable this warning
2019-03-04 23:29:48.030  INFO 1771 --- [main] o.s.j.e.a.AnnotationMBeanExporter        : Registering beans for JMX exposure on startup
2019-03-04 23:29:48.032  INFO 1771 --- [main] o.s.j.e.a.AnnotationMBeanExporter        : Bean with name 'dataSource' has been autodetected for JMX exposure
2019-03-04 23:29:48.055  INFO 1771 --- [main] o.s.j.e.a.AnnotationMBeanExporter        : Located MBean 'dataSource': registering with JMX server as MBean [com.zaxxer.hikari:name=dataSource,type=HikariDataSource]
2019-03-04 23:29:48.136  INFO 1771 --- [main] o.s.b.w.embedded.tomcat.TomcatWebServer  : Tomcat started on port(s): 8088 (http) with context path ''
2019-03-04 23:29:48.141  INFO 1771 --- [main] com.wgbing.thinker.ThinkerApplication    : Started ThinkerApplication in 11.561 seconds (JVM running for 13.65)
2019-03-04 23:30:50.315  INFO 1771 --- [http-nio-8088-exec-1] o.a.c.c.C.[Tomcat].[localhost].[/]       : Initializing Spring FrameworkServlet 'dispatcherServlet'
2019-03-04 23:33:45.565  INFO 1771 --- [Thread-26] ConfigServletWebServerApplicationContext : Closing org.springframework.boot.web.servlet.context.AnnotationConfigServletWebServerApplicationContext@2f48b3d2: startup date [Mon Mar 04 23:29:37 CST 2019]; root of context hierarchy
2019-03-04 23:33:45.605  INFO 1771 --- [Thread-26] o.s.j.e.a.AnnotationMBeanExporter        : Unregistering JMX-exposed beans on shutdown
2019-03-04 23:33:45.609  INFO 1771 --- [Thread-26] o.s.j.e.a.AnnotationMBeanExporter        : Unregistering JMX-exposed beans
2019-03-04 23:33:45.620  INFO 1771 --- [Thread-26] j.LocalContainerEntityManagerFactoryBean : Closing JPA EntityManagerFactory for persistence unit 'primaryPersistenceUnit'
2019-03-04 23:33:45.633  INFO 1771 --- [Thread-26] com.zaxxer.hikari.HikariDataSource       : HikariPool-1 - Shutdown initiated...
2019-03-04 23:33:45.758  INFO 1771 --- [Thread-26] com.zaxxer.hikari.HikariDataSource       : HikariPool-1 - Shutdown completed.
2019-03-04 23:33:58.147  INFO 1821 --- [main] com.wgbing.thinker.ThinkerApplication    : Starting ThinkerApplication on wgbingdeMacBook-Pro.local with PID 1821 (/Users/wgbing/IdeaProjects/GitHub/thinker/target/classes started by wgbing in /Users/wgbing/IdeaProjects/GitHub/thinker)
2019-03-04 23:33:58.153  INFO 1821 --- [main] com.wgbing.thinker.ThinkerApplication    : The following profiles are active: dev
2019-03-04 23:33:58.312  INFO 1821 --- [main] ConfigServletWebServerApplicationContext : Refreshing org.springframework.boot.web.servlet.context.AnnotationConfigServletWebServerApplicationContext@3f07b12c: startup date [Mon Mar 04 23:33:58 CST 2019]; root of context hierarchy
2019-03-04 23:33:59.181  INFO 1821 --- [main] o.s.b.f.s.DefaultListableBeanFactory     : Overriding bean definition for bean 'customSecurityFilter' with a different definition: replacing [Generic bean: class [com.wgbing.thinker.config.security.CustomSecurityFilter]; scope=singleton; abstract=false; lazyInit=false; autowireMode=0; dependencyCheck=0; autowireCandidate=true; primary=false; factoryBeanName=null; factoryMethodName=null; initMethodName=null; destroyMethodName=null; defined in file [/Users/wgbing/IdeaProjects/GitHub/thinker/target/classes/com/wgbing/thinker/config/security/CustomSecurityFilter.class]] with [Root bean: class [null]; scope=; abstract=false; lazyInit=false; autowireMode=3; dependencyCheck=0; autowireCandidate=true; primary=false; factoryBeanName=webSecurityConfig; factoryMethodName=customSecurityFilter; initMethodName=null; destroyMethodName=(inferred); defined in class path resource [com/wgbing/thinker/config/security/WebSecurityConfig.class]]
2019-03-04 23:33:59.947  INFO 1821 --- [main] trationDelegate$BeanPostProcessorChecker : Bean 'org.springframework.security.config.annotation.configuration.ObjectPostProcessorConfiguration' of type [org.springframework.security.config.annotation.configuration.ObjectPostProcessorConfiguration$$EnhancerBySpringCGLIB$$13793ac4] is not eligible for getting processed by all BeanPostProcessors (for example: not eligible for auto-proxying)
2019-03-04 23:33:59.966  INFO 1821 --- [main] trationDelegate$BeanPostProcessorChecker : Bean 'objectPostProcessor' of type [org.springframework.security.config.annotation.configuration.AutowireBeanFactoryObjectPostProcessor] is not eligible for getting processed by all BeanPostProcessors (for example: not eligible for auto-proxying)
2019-03-04 23:33:59.969  INFO 1821 --- [main] trationDelegate$BeanPostProcessorChecker : Bean 'org.springframework.security.access.expression.method.DefaultMethodSecurityExpressionHandler@4af45442' of type [org.springframework.security.access.expression.method.DefaultMethodSecurityExpressionHandler] is not eligible for getting processed by all BeanPostProcessors (for example: not eligible for auto-proxying)
2019-03-04 23:33:59.980  INFO 1821 --- [main] trationDelegate$BeanPostProcessorChecker : Bean 'org.springframework.security.config.annotation.method.configuration.GlobalMethodSecurityConfiguration' of type [org.springframework.security.config.annotation.method.configuration.GlobalMethodSecurityConfiguration$$EnhancerBySpringCGLIB$$384ddd76] is not eligible for getting processed by all BeanPostProcessors (for example: not eligible for auto-proxying)
2019-03-04 23:33:59.993  INFO 1821 --- [main] trationDelegate$BeanPostProcessorChecker : Bean 'methodSecurityMetadataSource' of type [org.springframework.security.access.method.DelegatingMethodSecurityMetadataSource] is not eligible for getting processed by all BeanPostProcessors (for example: not eligible for auto-proxying)
2019-03-04 23:34:00.009  INFO 1821 --- [main] trationDelegate$BeanPostProcessorChecker : Bean 'org.springframework.transaction.annotation.ProxyTransactionManagementConfiguration' of type [org.springframework.transaction.annotation.ProxyTransactionManagementConfiguration$$EnhancerBySpringCGLIB$$7acb728a] is not eligible for getting processed by all BeanPostProcessors (for example: not eligible for auto-proxying)
2019-03-04 23:34:00.454  INFO 1821 --- [main] o.s.b.w.embedded.tomcat.TomcatWebServer  : Tomcat initialized with port(s): 8088 (http)
2019-03-04 23:34:00.482  INFO 1821 --- [main] o.apache.catalina.core.StandardService   : Starting service [Tomcat]
2019-03-04 23:34:00.483  INFO 1821 --- [main] org.apache.catalina.core.StandardEngine  : Starting Servlet Engine: Apache Tomcat/8.5.31
2019-03-04 23:34:00.490  INFO 1821 --- [localhost-startStop-1] o.a.catalina.core.AprLifecycleListener   : The APR based Apache Tomcat Native library which allows optimal performance in production environments was not found on the java.library.path: [/Users/wgbing/Library/Java/Extensions:/Library/Java/Extensions:/Network/Library/Java/Extensions:/System/Library/Java/Extensions:/usr/lib/java:.]
2019-03-04 23:34:00.594  INFO 1821 --- [localhost-startStop-1] o.a.c.c.C.[Tomcat].[localhost].[/]       : Initializing Spring embedded WebApplicationContext
2019-03-04 23:34:01.091  INFO 1821 --- [localhost-startStop-1] j.LocalContainerEntityManagerFactoryBean : Building JPA container EntityManagerFactory for persistence unit 'primaryPersistenceUnit'
2019-03-04 23:34:01.107  INFO 1821 --- [localhost-startStop-1] o.hibernate.jpa.internal.util.LogHelper  : HHH000204: Processing PersistenceUnitInfo [
	name: primaryPersistenceUnit
	...]
2019-03-04 23:34:01.318  INFO 1821 --- [localhost-startStop-1] org.hibernate.Version                    : HHH000412: Hibernate Core {5.2.17.Final}
2019-03-04 23:34:01.321  INFO 1821 --- [localhost-startStop-1] org.hibernate.cfg.Environment            : HHH000206: hibernate.properties not found
2019-03-04 23:34:01.402  INFO 1821 --- [localhost-startStop-1] o.hibernate.annotations.common.Version   : HCANN000001: Hibernate Commons Annotations {5.0.1.Final}
2019-03-04 23:34:01.894  INFO 1821 --- [localhost-startStop-1] com.zaxxer.hikari.HikariDataSource       : HikariPool-1 - Starting...
2019-03-04 23:34:02.123  INFO 1821 --- [localhost-startStop-1] com.zaxxer.hikari.HikariDataSource       : HikariPool-1 - Start completed.
2019-03-04 23:34:02.137  INFO 1821 --- [localhost-startStop-1] org.hibernate.dialect.Dialect            : HHH000400: Using dialect: org.hibernate.dialect.MySQL5InnoDBDialect
2019-03-04 23:34:03.103  INFO 1821 --- [localhost-startStop-1] j.LocalContainerEntityManagerFactoryBean : Initialized JPA EntityManagerFactory for persistence unit 'primaryPersistenceUnit'
2019-03-04 23:34:03.531  INFO 1821 --- [localhost-startStop-1] o.h.h.i.QueryTranslatorFactoryInitiator  : HHH000397: Using ASTQueryTranslatorFactory
2019-03-04 23:34:03.940  WARN 1821 --- [localhost-startStop-1] c.w.t.c.security.CustomSecurityFilter    : Could not validate configuration attributes as the SecurityMetadataSource did not return any attributes from getAllConfigAttributes()
2019-03-04 23:34:04.079  INFO 1821 --- [localhost-startStop-1] o.s.b.w.servlet.FilterRegistrationBean   : Mapping filter: 'characterEncodingFilter' to: [/*]
2019-03-04 23:34:04.080  INFO 1821 --- [localhost-startStop-1] .s.DelegatingFilterProxyRegistrationBean : Mapping filter: 'springSecurityFilterChain' to: [/*]
2019-03-04 23:34:04.080  INFO 1821 --- [localhost-startStop-1] o.s.b.w.servlet.FilterRegistrationBean   : Mapping filter: 'customSecurityFilter' to: [/*]
2019-03-04 23:34:04.081  INFO 1821 --- [localhost-startStop-1] o.s.b.w.servlet.FilterRegistrationBean   : Mapping filter: 'customUsernamePasswordAuthenticationFilter' to: [/*]
2019-03-04 23:34:04.081  INFO 1821 --- [localhost-startStop-1] o.s.b.w.servlet.FilterRegistrationBean   : Mapping filter: 'concurrencyFilter' to: [/*]
2019-03-04 23:34:04.081  INFO 1821 --- [localhost-startStop-1] o.s.b.w.servlet.ServletRegistrationBean  : Servlet dispatcherServlet mapped to [/]
2019-03-04 23:34:05.123  INFO 1821 --- [main] o.s.s.web.DefaultSecurityFilterChain     : Creating filter chain: org.springframework.security.web.util.matcher.AnyRequestMatcher@1, [org.springframework.security.web.context.request.async.WebAsyncManagerIntegrationFilter@1b57c345, org.springframework.security.web.context.SecurityContextPersistenceFilter@160b4809, org.springframework.security.web.header.HeaderWriterFilter@65c5bf0e, org.springframework.security.web.csrf.CsrfFilter@357bc488, org.springframework.security.web.authentication.logout.LogoutFilter@faea4da, com.wgbing.thinker.config.security.CustomAuthenticationFilter@4248e310, org.springframework.security.web.authentication.UsernamePasswordAuthenticationFilter@8e25d3f, org.springframework.security.web.session.ConcurrentSessionFilter@1cc62e3, org.springframework.security.web.savedrequest.RequestCacheAwareFilter@664e848c, org.springframework.security.web.servletapi.SecurityContextHolderAwareRequestFilter@251c4280, org.springframework.security.web.authentication.AnonymousAuthenticationFilter@6e02721d, org.springframework.security.web.session.SessionManagementFilter@5d05f453, org.springframework.security.web.access.ExceptionTranslationFilter@40ce9049, com.wgbing.thinker.config.security.CustomSecurityFilter@17cd6bdd, org.springframework.security.web.access.intercept.FilterSecurityInterceptor@28cd2c2]
2019-03-04 23:34:05.346  WARN 1821 --- [main] aWebConfiguration$JpaWebMvcConfiguration : spring.jpa.open-in-view is enabled by default. Therefore, database queries may be performed during view rendering. Explicitly configure spring.jpa.open-in-view to disable this warning
2019-03-04 23:34:05.917  INFO 1821 --- [main] o.s.j.e.a.AnnotationMBeanExporter        : Registering beans for JMX exposure on startup
2019-03-04 23:34:05.918  INFO 1821 --- [main] o.s.j.e.a.AnnotationMBeanExporter        : Bean with name 'dataSource' has been autodetected for JMX exposure
2019-03-04 23:34:05.926  INFO 1821 --- [main] o.s.j.e.a.AnnotationMBeanExporter        : Located MBean 'dataSource': registering with JMX server as MBean [com.zaxxer.hikari:name=dataSource,type=HikariDataSource]
2019-03-04 23:34:05.988  INFO 1821 --- [main] o.s.b.w.embedded.tomcat.TomcatWebServer  : Tomcat started on port(s): 8088 (http) with context path ''
2019-03-04 23:34:05.993  INFO 1821 --- [main] com.wgbing.thinker.ThinkerApplication    : Started ThinkerApplication in 10.121 seconds (JVM running for 11.968)
2019-03-04 23:34:24.671  INFO 1821 --- [http-nio-8088-exec-1] o.a.c.c.C.[Tomcat].[localhost].[/]       : Initializing Spring FrameworkServlet 'dispatcherServlet'
2019-03-04 23:41:25.750  INFO 1821 --- [Thread-24] ConfigServletWebServerApplicationContext : Closing org.springframework.boot.web.servlet.context.AnnotationConfigServletWebServerApplicationContext@3f07b12c: startup date [Mon Mar 04 23:33:58 CST 2019]; root of context hierarchy
2019-03-04 23:41:25.758  INFO 1821 --- [Thread-24] o.s.j.e.a.AnnotationMBeanExporter        : Unregistering JMX-exposed beans on shutdown
2019-03-04 23:41:25.761  INFO 1821 --- [Thread-24] o.s.j.e.a.AnnotationMBeanExporter        : Unregistering JMX-exposed beans
2019-03-04 23:41:25.766  INFO 1821 --- [Thread-24] j.LocalContainerEntityManagerFactoryBean : Closing JPA EntityManagerFactory for persistence unit 'primaryPersistenceUnit'
2019-03-04 23:41:25.768  INFO 1821 --- [Thread-24] com.zaxxer.hikari.HikariDataSource       : HikariPool-1 - Shutdown initiated...
2019-03-04 23:41:25.777  INFO 1821 --- [Thread-24] com.zaxxer.hikari.HikariDataSource       : HikariPool-1 - Shutdown completed.
2019-03-04 23:41:36.231  INFO 1899 --- [main] com.wgbing.thinker.ThinkerApplication    : Starting ThinkerApplication on wgbingdeMacBook-Pro.local with PID 1899 (/Users/wgbing/IdeaProjects/GitHub/thinker/target/classes started by wgbing in /Users/wgbing/IdeaProjects/GitHub/thinker)
2019-03-04 23:41:36.240  INFO 1899 --- [main] com.wgbing.thinker.ThinkerApplication    : The following profiles are active: dev
2019-03-04 23:41:36.464  INFO 1899 --- [main] ConfigServletWebServerApplicationContext : Refreshing org.springframework.boot.web.servlet.context.AnnotationConfigServletWebServerApplicationContext@8c11eee: startup date [Mon Mar 04 23:41:36 CST 2019]; root of context hierarchy
2019-03-04 23:41:37.684  INFO 1899 --- [main] o.s.b.f.s.DefaultListableBeanFactory     : Overriding bean definition for bean 'customSecurityFilter' with a different definition: replacing [Generic bean: class [com.wgbing.thinker.config.security.CustomSecurityFilter]; scope=singleton; abstract=false; lazyInit=false; autowireMode=0; dependencyCheck=0; autowireCandidate=true; primary=false; factoryBeanName=null; factoryMethodName=null; initMethodName=null; destroyMethodName=null; defined in file [/Users/wgbing/IdeaProjects/GitHub/thinker/target/classes/com/wgbing/thinker/config/security/CustomSecurityFilter.class]] with [Root bean: class [null]; scope=; abstract=false; lazyInit=false; autowireMode=3; dependencyCheck=0; autowireCandidate=true; primary=false; factoryBeanName=webSecurityConfig; factoryMethodName=customSecurityFilter; initMethodName=null; destroyMethodName=(inferred); defined in class path resource [com/wgbing/thinker/config/security/WebSecurityConfig.class]]
2019-03-04 23:41:39.774  INFO 1899 --- [main] trationDelegate$BeanPostProcessorChecker : Bean 'org.springframework.security.config.annotation.configuration.ObjectPostProcessorConfiguration' of type [org.springframework.security.config.annotation.configuration.ObjectPostProcessorConfiguration$$EnhancerBySpringCGLIB$$271cf2a7] is not eligible for getting processed by all BeanPostProcessors (for example: not eligible for auto-proxying)
2019-03-04 23:41:39.814  INFO 1899 --- [main] trationDelegate$BeanPostProcessorChecker : Bean 'objectPostProcessor' of type [org.springframework.security.config.annotation.configuration.AutowireBeanFactoryObjectPostProcessor] is not eligible for getting processed by all BeanPostProcessors (for example: not eligible for auto-proxying)
2019-03-04 23:41:39.821  INFO 1899 --- [main] trationDelegate$BeanPostProcessorChecker : Bean 'org.springframework.security.access.expression.method.DefaultMethodSecurityExpressionHandler@56a4f272' of type [org.springframework.security.access.expression.method.DefaultMethodSecurityExpressionHandler] is not eligible for getting processed by all BeanPostProcessors (for example: not eligible for auto-proxying)
2019-03-04 23:41:39.842  INFO 1899 --- [main] trationDelegate$BeanPostProcessorChecker : Bean 'org.springframework.security.config.annotation.method.configuration.GlobalMethodSecurityConfiguration' of type [org.springframework.security.config.annotation.method.configuration.GlobalMethodSecurityConfiguration$$EnhancerBySpringCGLIB$$4bf19559] is not eligible for getting processed by all BeanPostProcessors (for example: not eligible for auto-proxying)
2019-03-04 23:41:39.860  INFO 1899 --- [main] trationDelegate$BeanPostProcessorChecker : Bean 'methodSecurityMetadataSource' of type [org.springframework.security.access.method.DelegatingMethodSecurityMetadataSource] is not eligible for getting processed by all BeanPostProcessors (for example: not eligible for auto-proxying)
2019-03-04 23:41:39.900  INFO 1899 --- [main] trationDelegate$BeanPostProcessorChecker : Bean 'org.springframework.transaction.annotation.ProxyTransactionManagementConfiguration' of type [org.springframework.transaction.annotation.ProxyTransactionManagementConfiguration$$EnhancerBySpringCGLIB$$8e6f2a6d] is not eligible for getting processed by all BeanPostProcessors (for example: not eligible for auto-proxying)
2019-03-04 23:41:40.532  INFO 1899 --- [main] o.s.b.w.embedded.tomcat.TomcatWebServer  : Tomcat initialized with port(s): 8088 (http)
2019-03-04 23:41:40.585  INFO 1899 --- [main] o.apache.catalina.core.StandardService   : Starting service [Tomcat]
2019-03-04 23:41:40.587  INFO 1899 --- [main] org.apache.catalina.core.StandardEngine  : Starting Servlet Engine: Apache Tomcat/8.5.31
2019-03-04 23:41:40.596  INFO 1899 --- [localhost-startStop-1] o.a.catalina.core.AprLifecycleListener   : The APR based Apache Tomcat Native library which allows optimal performance in production environments was not found on the java.library.path: [/Users/wgbing/Library/Java/Extensions:/Library/Java/Extensions:/Network/Library/Java/Extensions:/System/Library/Java/Extensions:/usr/lib/java:.]
2019-03-04 23:41:40.714  INFO 1899 --- [localhost-startStop-1] o.a.c.c.C.[Tomcat].[localhost].[/]       : Initializing Spring embedded WebApplicationContext
2019-03-04 23:41:41.354  INFO 1899 --- [localhost-startStop-1] j.LocalContainerEntityManagerFactoryBean : Building JPA container EntityManagerFactory for persistence unit 'primaryPersistenceUnit'
2019-03-04 23:41:41.388  INFO 1899 --- [localhost-startStop-1] o.hibernate.jpa.internal.util.LogHelper  : HHH000204: Processing PersistenceUnitInfo [
	name: primaryPersistenceUnit
	...]
2019-03-04 23:41:42.113  INFO 1899 --- [localhost-startStop-1] org.hibernate.Version                    : HHH000412: Hibernate Core {5.2.17.Final}
2019-03-04 23:41:42.116  INFO 1899 --- [localhost-startStop-1] org.hibernate.cfg.Environment            : HHH000206: hibernate.properties not found
2019-03-04 23:41:42.223  INFO 1899 --- [localhost-startStop-1] o.hibernate.annotations.common.Version   : HCANN000001: Hibernate Commons Annotations {5.0.1.Final}
2019-03-04 23:41:43.115  INFO 1899 --- [localhost-startStop-1] com.zaxxer.hikari.HikariDataSource       : HikariPool-1 - Starting...
2019-03-04 23:41:43.365  INFO 1899 --- [localhost-startStop-1] com.zaxxer.hikari.HikariDataSource       : HikariPool-1 - Start completed.
2019-03-04 23:41:43.394  INFO 1899 --- [localhost-startStop-1] org.hibernate.dialect.Dialect            : HHH000400: Using dialect: org.hibernate.dialect.MySQL5InnoDBDialect
2019-03-04 23:41:44.491  INFO 1899 --- [localhost-startStop-1] j.LocalContainerEntityManagerFactoryBean : Initialized JPA EntityManagerFactory for persistence unit 'primaryPersistenceUnit'
2019-03-04 23:41:45.015  INFO 1899 --- [localhost-startStop-1] o.h.h.i.QueryTranslatorFactoryInitiator  : HHH000397: Using ASTQueryTranslatorFactory
2019-03-04 23:41:45.425  WARN 1899 --- [localhost-startStop-1] c.w.t.c.security.CustomSecurityFilter    : Could not validate configuration attributes as the SecurityMetadataSource did not return any attributes from getAllConfigAttributes()
2019-03-04 23:41:45.546  INFO 1899 --- [localhost-startStop-1] o.s.b.w.servlet.FilterRegistrationBean   : Mapping filter: 'characterEncodingFilter' to: [/*]
2019-03-04 23:41:45.547  INFO 1899 --- [localhost-startStop-1] .s.DelegatingFilterProxyRegistrationBean : Mapping filter: 'springSecurityFilterChain' to: [/*]
2019-03-04 23:41:45.547  INFO 1899 --- [localhost-startStop-1] o.s.b.w.servlet.FilterRegistrationBean   : Mapping filter: 'customSecurityFilter' to: [/*]
2019-03-04 23:41:45.547  INFO 1899 --- [localhost-startStop-1] o.s.b.w.servlet.FilterRegistrationBean   : Mapping filter: 'customUsernamePasswordAuthenticationFilter' to: [/*]
2019-03-04 23:41:45.547  INFO 1899 --- [localhost-startStop-1] o.s.b.w.servlet.FilterRegistrationBean   : Mapping filter: 'concurrencyFilter' to: [/*]
2019-03-04 23:41:45.548  INFO 1899 --- [localhost-startStop-1] o.s.b.w.servlet.ServletRegistrationBean  : Servlet dispatcherServlet mapped to [/]
2019-03-04 23:41:46.695  INFO 1899 --- [main] o.s.s.web.DefaultSecurityFilterChain     : Creating filter chain: org.springframework.security.web.util.matcher.AnyRequestMatcher@1, [org.springframework.security.web.context.request.async.WebAsyncManagerIntegrationFilter@35d26ad2, org.springframework.security.web.context.SecurityContextPersistenceFilter@552cede7, org.springframework.security.web.header.HeaderWriterFilter@4a9a878, org.springframework.security.web.csrf.CsrfFilter@53aa38be, org.springframework.security.web.authentication.logout.LogoutFilter@310b2b6f, com.wgbing.thinker.config.security.CustomAuthenticationFilter@56345a1, org.springframework.security.web.authentication.UsernamePasswordAuthenticationFilter@9a20cbd, org.springframework.security.web.session.ConcurrentSessionFilter@5406b94e, org.springframework.security.web.savedrequest.RequestCacheAwareFilter@151732fb, org.springframework.security.web.servletapi.SecurityContextHolderAwareRequestFilter@7f42e06e, org.springframework.security.web.authentication.AnonymousAuthenticationFilter@bb25753, org.springframework.security.web.session.SessionManagementFilter@5c6a5192, org.springframework.security.web.access.ExceptionTranslationFilter@235c997d, com.wgbing.thinker.config.security.CustomSecurityFilter@35d10d64, org.springframework.security.web.access.intercept.FilterSecurityInterceptor@7573b9ee]
2019-03-04 23:41:46.984  WARN 1899 --- [main] aWebConfiguration$JpaWebMvcConfiguration : spring.jpa.open-in-view is enabled by default. Therefore, database queries may be performed during view rendering. Explicitly configure spring.jpa.open-in-view to disable this warning
2019-03-04 23:41:47.512  INFO 1899 --- [main] o.s.j.e.a.AnnotationMBeanExporter        : Registering beans for JMX exposure on startup
2019-03-04 23:41:47.514  INFO 1899 --- [main] o.s.j.e.a.AnnotationMBeanExporter        : Bean with name 'dataSource' has been autodetected for JMX exposure
2019-03-04 23:41:47.522  INFO 1899 --- [main] o.s.j.e.a.AnnotationMBeanExporter        : Located MBean 'dataSource': registering with JMX server as MBean [com.zaxxer.hikari:name=dataSource,type=HikariDataSource]
2019-03-04 23:41:47.583  INFO 1899 --- [main] o.s.b.w.embedded.tomcat.TomcatWebServer  : Tomcat started on port(s): 8088 (http) with context path ''
2019-03-04 23:41:47.587  INFO 1899 --- [main] com.wgbing.thinker.ThinkerApplication    : Started ThinkerApplication in 12.705 seconds (JVM running for 14.07)
2019-03-04 23:42:32.125  INFO 1899 --- [Thread-28] ConfigServletWebServerApplicationContext : Closing org.springframework.boot.web.servlet.context.AnnotationConfigServletWebServerApplicationContext@8c11eee: startup date [Mon Mar 04 23:41:36 CST 2019]; root of context hierarchy
2019-03-04 23:42:32.138  INFO 1899 --- [Thread-28] o.s.j.e.a.AnnotationMBeanExporter        : Unregistering JMX-exposed beans on shutdown
2019-03-04 23:42:32.141  INFO 1899 --- [Thread-28] o.s.j.e.a.AnnotationMBeanExporter        : Unregistering JMX-exposed beans
2019-03-04 23:42:32.145  INFO 1899 --- [Thread-28] j.LocalContainerEntityManagerFactoryBean : Closing JPA EntityManagerFactory for persistence unit 'primaryPersistenceUnit'
2019-03-04 23:42:32.145  INFO 1899 --- [Thread-28] com.zaxxer.hikari.HikariDataSource       : HikariPool-1 - Shutdown initiated...
2019-03-04 23:42:32.175  INFO 1899 --- [Thread-28] com.zaxxer.hikari.HikariDataSource       : HikariPool-1 - Shutdown completed.
2019-03-04 23:42:42.097  INFO 1910 --- [main] com.wgbing.thinker.ThinkerApplication    : Starting ThinkerApplication on wgbingdeMacBook-Pro.local with PID 1910 (/Users/wgbing/IdeaProjects/GitHub/thinker/target/classes started by wgbing in /Users/wgbing/IdeaProjects/GitHub/thinker)
2019-03-04 23:42:42.110  INFO 1910 --- [main] com.wgbing.thinker.ThinkerApplication    : The following profiles are active: dev
2019-03-04 23:42:42.239  INFO 1910 --- [main] ConfigServletWebServerApplicationContext : Refreshing org.springframework.boot.web.servlet.context.AnnotationConfigServletWebServerApplicationContext@4bd1f8dd: startup date [Mon Mar 04 23:42:42 CST 2019]; root of context hierarchy
2019-03-04 23:42:43.614  INFO 1910 --- [main] o.s.b.f.s.DefaultListableBeanFactory     : Overriding bean definition for bean 'customSecurityFilter' with a different definition: replacing [Generic bean: class [com.wgbing.thinker.config.security.CustomSecurityFilter]; scope=singleton; abstract=false; lazyInit=false; autowireMode=0; dependencyCheck=0; autowireCandidate=true; primary=false; factoryBeanName=null; factoryMethodName=null; initMethodName=null; destroyMethodName=null; defined in file [/Users/wgbing/IdeaProjects/GitHub/thinker/target/classes/com/wgbing/thinker/config/security/CustomSecurityFilter.class]] with [Root bean: class [null]; scope=; abstract=false; lazyInit=false; autowireMode=3; dependencyCheck=0; autowireCandidate=true; primary=false; factoryBeanName=webSecurityConfig; factoryMethodName=customSecurityFilter; initMethodName=null; destroyMethodName=(inferred); defined in class path resource [com/wgbing/thinker/config/security/WebSecurityConfig.class]]
2019-03-04 23:42:45.115  INFO 1910 --- [main] trationDelegate$BeanPostProcessorChecker : Bean 'org.springframework.security.config.annotation.configuration.ObjectPostProcessorConfiguration' of type [org.springframework.security.config.annotation.configuration.ObjectPostProcessorConfiguration$$EnhancerBySpringCGLIB$$83da0939] is not eligible for getting processed by all BeanPostProcessors (for example: not eligible for auto-proxying)
2019-03-04 23:42:45.147  INFO 1910 --- [main] trationDelegate$BeanPostProcessorChecker : Bean 'objectPostProcessor' of type [org.springframework.security.config.annotation.configuration.AutowireBeanFactoryObjectPostProcessor] is not eligible for getting processed by all BeanPostProcessors (for example: not eligible for auto-proxying)
2019-03-04 23:42:45.151  INFO 1910 --- [main] trationDelegate$BeanPostProcessorChecker : Bean 'org.springframework.security.access.expression.method.DefaultMethodSecurityExpressionHandler@4adc663e' of type [org.springframework.security.access.expression.method.DefaultMethodSecurityExpressionHandler] is not eligible for getting processed by all BeanPostProcessors (for example: not eligible for auto-proxying)
2019-03-04 23:42:45.172  INFO 1910 --- [main] trationDelegate$BeanPostProcessorChecker : Bean 'org.springframework.security.config.annotation.method.configuration.GlobalMethodSecurityConfiguration' of type [org.springframework.security.config.annotation.method.configuration.GlobalMethodSecurityConfiguration$$EnhancerBySpringCGLIB$$a8aeabeb] is not eligible for getting processed by all BeanPostProcessors (for example: not eligible for auto-proxying)
2019-03-04 23:42:45.190  INFO 1910 --- [main] trationDelegate$BeanPostProcessorChecker : Bean 'methodSecurityMetadataSource' of type [org.springframework.security.access.method.DelegatingMethodSecurityMetadataSource] is not eligible for getting processed by all BeanPostProcessors (for example: not eligible for auto-proxying)
2019-03-04 23:42:45.232  INFO 1910 --- [main] trationDelegate$BeanPostProcessorChecker : Bean 'org.springframework.transaction.annotation.ProxyTransactionManagementConfiguration' of type [org.springframework.transaction.annotation.ProxyTransactionManagementConfiguration$$EnhancerBySpringCGLIB$$eb2c40ff] is not eligible for getting processed by all BeanPostProcessors (for example: not eligible for auto-proxying)
2019-03-04 23:42:45.817  INFO 1910 --- [main] o.s.b.w.embedded.tomcat.TomcatWebServer  : Tomcat initialized with port(s): 8088 (http)
2019-03-04 23:42:45.850  INFO 1910 --- [main] o.apache.catalina.core.StandardService   : Starting service [Tomcat]
2019-03-04 23:42:45.851  INFO 1910 --- [main] org.apache.catalina.core.StandardEngine  : Starting Servlet Engine: Apache Tomcat/8.5.31
2019-03-04 23:42:45.859  INFO 1910 --- [localhost-startStop-1] o.a.catalina.core.AprLifecycleListener   : The APR based Apache Tomcat Native library which allows optimal performance in production environments was not found on the java.library.path: [/Users/wgbing/Library/Java/Extensions:/Library/Java/Extensions:/Network/Library/Java/Extensions:/System/Library/Java/Extensions:/usr/lib/java:.]
2019-03-04 23:42:45.988  INFO 1910 --- [localhost-startStop-1] o.a.c.c.C.[Tomcat].[localhost].[/]       : Initializing Spring embedded WebApplicationContext
2019-03-04 23:42:46.640  INFO 1910 --- [localhost-startStop-1] j.LocalContainerEntityManagerFactoryBean : Building JPA container EntityManagerFactory for persistence unit 'primaryPersistenceUnit'
2019-03-04 23:42:46.653  INFO 1910 --- [localhost-startStop-1] o.hibernate.jpa.internal.util.LogHelper  : HHH000204: Processing PersistenceUnitInfo [
	name: primaryPersistenceUnit
	...]
2019-03-04 23:42:46.904  INFO 1910 --- [localhost-startStop-1] org.hibernate.Version                    : HHH000412: Hibernate Core {5.2.17.Final}
2019-03-04 23:42:46.907  INFO 1910 --- [localhost-startStop-1] org.hibernate.cfg.Environment            : HHH000206: hibernate.properties not found
2019-03-04 23:42:46.978  INFO 1910 --- [localhost-startStop-1] o.hibernate.annotations.common.Version   : HCANN000001: Hibernate Commons Annotations {5.0.1.Final}
2019-03-04 23:42:47.393  INFO 1910 --- [localhost-startStop-1] com.zaxxer.hikari.HikariDataSource       : HikariPool-1 - Starting...
2019-03-04 23:42:47.641  INFO 1910 --- [localhost-startStop-1] com.zaxxer.hikari.HikariDataSource       : HikariPool-1 - Start completed.
2019-03-04 23:42:47.656  INFO 1910 --- [localhost-startStop-1] org.hibernate.dialect.Dialect            : HHH000400: Using dialect: org.hibernate.dialect.MySQL5InnoDBDialect
2019-03-04 23:42:48.774  INFO 1910 --- [localhost-startStop-1] j.LocalContainerEntityManagerFactoryBean : Initialized JPA EntityManagerFactory for persistence unit 'primaryPersistenceUnit'
2019-03-04 23:42:49.294  INFO 1910 --- [localhost-startStop-1] o.h.h.i.QueryTranslatorFactoryInitiator  : HHH000397: Using ASTQueryTranslatorFactory
2019-03-04 23:42:49.675  WARN 1910 --- [localhost-startStop-1] c.w.t.c.security.CustomSecurityFilter    : Could not validate configuration attributes as the SecurityMetadataSource did not return any attributes from getAllConfigAttributes()
2019-03-04 23:42:49.781  INFO 1910 --- [localhost-startStop-1] o.s.b.w.servlet.FilterRegistrationBean   : Mapping filter: 'characterEncodingFilter' to: [/*]
2019-03-04 23:42:49.782  INFO 1910 --- [localhost-startStop-1] .s.DelegatingFilterProxyRegistrationBean : Mapping filter: 'springSecurityFilterChain' to: [/*]
2019-03-04 23:42:49.783  INFO 1910 --- [localhost-startStop-1] o.s.b.w.servlet.FilterRegistrationBean   : Mapping filter: 'customSecurityFilter' to: [/*]
2019-03-04 23:42:49.783  INFO 1910 --- [localhost-startStop-1] o.s.b.w.servlet.FilterRegistrationBean   : Mapping filter: 'customUsernamePasswordAuthenticationFilter' to: [/*]
2019-03-04 23:42:49.783  INFO 1910 --- [localhost-startStop-1] o.s.b.w.servlet.FilterRegistrationBean   : Mapping filter: 'concurrencyFilter' to: [/*]
2019-03-04 23:42:49.783  INFO 1910 --- [localhost-startStop-1] o.s.b.w.servlet.ServletRegistrationBean  : Servlet dispatcherServlet mapped to [/]
2019-03-04 23:42:50.905  INFO 1910 --- [main] o.s.s.web.DefaultSecurityFilterChain     : Creating filter chain: org.springframework.security.web.util.matcher.AnyRequestMatcher@1, [org.springframework.security.web.context.request.async.WebAsyncManagerIntegrationFilter@69c532af, org.springframework.security.web.context.SecurityContextPersistenceFilter@a0bf272, org.springframework.security.web.header.HeaderWriterFilter@124d26ba, org.springframework.security.web.csrf.CsrfFilter@6d6bff89, org.springframework.security.web.authentication.logout.LogoutFilter@653fb8d1, com.wgbing.thinker.config.security.CustomAuthenticationFilter@7e2557b7, org.springframework.security.web.authentication.UsernamePasswordAuthenticationFilter@61e86192, org.springframework.security.web.session.ConcurrentSessionFilter@38666aa5, org.springframework.security.web.savedrequest.RequestCacheAwareFilter@4a89ef44, org.springframework.security.web.servletapi.SecurityContextHolderAwareRequestFilter@6f1c3f18, org.springframework.security.web.authentication.AnonymousAuthenticationFilter@45a1d057, org.springframework.security.web.session.SessionManagementFilter@415d88de, org.springframework.security.web.access.ExceptionTranslationFilter@58f31629, com.wgbing.thinker.config.security.CustomSecurityFilter@13f6c425, org.springframework.security.web.access.intercept.FilterSecurityInterceptor@7e5b621b]
2019-03-04 23:42:51.200  WARN 1910 --- [main] aWebConfiguration$JpaWebMvcConfiguration : spring.jpa.open-in-view is enabled by default. Therefore, database queries may be performed during view rendering. Explicitly configure spring.jpa.open-in-view to disable this warning
2019-03-04 23:42:51.720  INFO 1910 --- [main] o.s.j.e.a.AnnotationMBeanExporter        : Registering beans for JMX exposure on startup
2019-03-04 23:42:51.721  INFO 1910 --- [main] o.s.j.e.a.AnnotationMBeanExporter        : Bean with name 'dataSource' has been autodetected for JMX exposure
2019-03-04 23:42:51.731  INFO 1910 --- [main] o.s.j.e.a.AnnotationMBeanExporter        : Located MBean 'dataSource': registering with JMX server as MBean [com.zaxxer.hikari:name=dataSource,type=HikariDataSource]
2019-03-04 23:42:51.810  INFO 1910 --- [main] o.s.b.w.embedded.tomcat.TomcatWebServer  : Tomcat started on port(s): 8088 (http) with context path ''
2019-03-04 23:42:51.816  INFO 1910 --- [main] com.wgbing.thinker.ThinkerApplication    : Started ThinkerApplication in 11.155 seconds (JVM running for 12.75)
2019-03-04 23:43:24.358  INFO 1910 --- [http-nio-8088-exec-1] o.a.c.c.C.[Tomcat].[localhost].[/]       : Initializing Spring FrameworkServlet 'dispatcherServlet'
2019-03-04 23:48:13.245  INFO 1910 --- [Thread-26] ConfigServletWebServerApplicationContext : Closing org.springframework.boot.web.servlet.context.AnnotationConfigServletWebServerApplicationContext@4bd1f8dd: startup date [Mon Mar 04 23:42:42 CST 2019]; root of context hierarchy
2019-03-04 23:48:13.270  INFO 1910 --- [Thread-26] o.s.j.e.a.AnnotationMBeanExporter        : Unregistering JMX-exposed beans on shutdown
2019-03-04 23:48:13.272  INFO 1910 --- [Thread-26] o.s.j.e.a.AnnotationMBeanExporter        : Unregistering JMX-exposed beans
2019-03-04 23:48:13.282  INFO 1910 --- [Thread-26] j.LocalContainerEntityManagerFactoryBean : Closing JPA EntityManagerFactory for persistence unit 'primaryPersistenceUnit'
2019-03-04 23:48:13.288  INFO 1910 --- [Thread-26] com.zaxxer.hikari.HikariDataSource       : HikariPool-1 - Shutdown initiated...
2019-03-04 23:48:13.305  INFO 1910 --- [Thread-26] com.zaxxer.hikari.HikariDataSource       : HikariPool-1 - Shutdown completed.
2019-03-04 23:49:08.565  INFO 1962 --- [main] com.wgbing.thinker.ThinkerApplication    : Starting ThinkerApplication on wgbingdeMacBook-Pro.local with PID 1962 (/Users/wgbing/IdeaProjects/GitHub/thinker/target/classes started by wgbing in /Users/wgbing/IdeaProjects/GitHub/thinker)
2019-03-04 23:49:08.571  INFO 1962 --- [main] com.wgbing.thinker.ThinkerApplication    : The following profiles are active: dev
2019-03-04 23:49:08.770  INFO 1962 --- [main] ConfigServletWebServerApplicationContext : Refreshing org.springframework.boot.web.servlet.context.AnnotationConfigServletWebServerApplicationContext@18b0930f: startup date [Mon Mar 04 23:49:08 CST 2019]; root of context hierarchy
2019-03-04 23:49:09.620  INFO 1962 --- [main] o.s.b.f.s.DefaultListableBeanFactory     : Overriding bean definition for bean 'customSecurityFilter' with a different definition: replacing [Generic bean: class [com.wgbing.thinker.config.security.CustomSecurityFilter]; scope=singleton; abstract=false; lazyInit=false; autowireMode=0; dependencyCheck=0; autowireCandidate=true; primary=false; factoryBeanName=null; factoryMethodName=null; initMethodName=null; destroyMethodName=null; defined in file [/Users/wgbing/IdeaProjects/GitHub/thinker/target/classes/com/wgbing/thinker/config/security/CustomSecurityFilter.class]] with [Root bean: class [null]; scope=; abstract=false; lazyInit=false; autowireMode=3; dependencyCheck=0; autowireCandidate=true; primary=false; factoryBeanName=webSecurityConfig; factoryMethodName=customSecurityFilter; initMethodName=null; destroyMethodName=(inferred); defined in class path resource [com/wgbing/thinker/config/security/WebSecurityConfig.class]]
2019-03-04 23:49:10.321  INFO 1962 --- [main] trationDelegate$BeanPostProcessorChecker : Bean 'org.springframework.security.config.annotation.configuration.ObjectPostProcessorConfiguration' of type [org.springframework.security.config.annotation.configuration.ObjectPostProcessorConfiguration$$EnhancerBySpringCGLIB$$bc9d2a3] is not eligible for getting processed by all BeanPostProcessors (for example: not eligible for auto-proxying)
2019-03-04 23:49:10.340  INFO 1962 --- [main] trationDelegate$BeanPostProcessorChecker : Bean 'objectPostProcessor' of type [org.springframework.security.config.annotation.configuration.AutowireBeanFactoryObjectPostProcessor] is not eligible for getting processed by all BeanPostProcessors (for example: not eligible for auto-proxying)
2019-03-04 23:49:10.342  INFO 1962 --- [main] trationDelegate$BeanPostProcessorChecker : Bean 'org.springframework.security.access.expression.method.DefaultMethodSecurityExpressionHandler@3d96fa9e' of type [org.springframework.security.access.expression.method.DefaultMethodSecurityExpressionHandler] is not eligible for getting processed by all BeanPostProcessors (for example: not eligible for auto-proxying)
2019-03-04 23:49:10.349  INFO 1962 --- [main] trationDelegate$BeanPostProcessorChecker : Bean 'org.springframework.security.config.annotation.method.configuration.GlobalMethodSecurityConfiguration' of type [org.springframework.security.config.annotation.method.configuration.GlobalMethodSecurityConfiguration$$EnhancerBySpringCGLIB$$309e7555] is not eligible for getting processed by all BeanPostProcessors (for example: not eligible for auto-proxying)
2019-03-04 23:49:10.359  INFO 1962 --- [main] trationDelegate$BeanPostProcessorChecker : Bean 'methodSecurityMetadataSource' of type [org.springframework.security.access.method.DelegatingMethodSecurityMetadataSource] is not eligible for getting processed by all BeanPostProcessors (for example: not eligible for auto-proxying)
2019-03-04 23:49:10.372  INFO 1962 --- [main] trationDelegate$BeanPostProcessorChecker : Bean 'org.springframework.transaction.annotation.ProxyTransactionManagementConfiguration' of type [org.springframework.transaction.annotation.ProxyTransactionManagementConfiguration$$EnhancerBySpringCGLIB$$731c0a69] is not eligible for getting processed by all BeanPostProcessors (for example: not eligible for auto-proxying)
2019-03-04 23:49:10.894  INFO 1962 --- [main] o.s.b.w.embedded.tomcat.TomcatWebServer  : Tomcat initialized with port(s): 8088 (http)
2019-03-04 23:49:10.926  INFO 1962 --- [main] o.apache.catalina.core.StandardService   : Starting service [Tomcat]
2019-03-04 23:49:10.927  INFO 1962 --- [main] org.apache.catalina.core.StandardEngine  : Starting Servlet Engine: Apache Tomcat/8.5.31
2019-03-04 23:49:10.934  INFO 1962 --- [localhost-startStop-1] o.a.catalina.core.AprLifecycleListener   : The APR based Apache Tomcat Native library which allows optimal performance in production environments was not found on the java.library.path: [/Users/wgbing/Library/Java/Extensions:/Library/Java/Extensions:/Network/Library/Java/Extensions:/System/Library/Java/Extensions:/usr/lib/java:.]
2019-03-04 23:49:11.075  INFO 1962 --- [localhost-startStop-1] o.a.c.c.C.[Tomcat].[localhost].[/]       : Initializing Spring embedded WebApplicationContext
2019-03-04 23:49:11.875  INFO 1962 --- [localhost-startStop-1] j.LocalContainerEntityManagerFactoryBean : Building JPA container EntityManagerFactory for persistence unit 'primaryPersistenceUnit'
2019-03-04 23:49:11.930  INFO 1962 --- [localhost-startStop-1] o.hibernate.jpa.internal.util.LogHelper  : HHH000204: Processing PersistenceUnitInfo [
	name: primaryPersistenceUnit
	...]
2019-03-04 23:49:12.337  INFO 1962 --- [localhost-startStop-1] org.hibernate.Version                    : HHH000412: Hibernate Core {5.2.17.Final}
2019-03-04 23:49:12.340  INFO 1962 --- [localhost-startStop-1] org.hibernate.cfg.Environment            : HHH000206: hibernate.properties not found
2019-03-04 23:49:12.469  INFO 1962 --- [localhost-startStop-1] o.hibernate.annotations.common.Version   : HCANN000001: Hibernate Commons Annotations {5.0.1.Final}
2019-03-04 23:49:13.160  INFO 1962 --- [localhost-startStop-1] com.zaxxer.hikari.HikariDataSource       : HikariPool-1 - Starting...
2019-03-04 23:49:13.435  INFO 1962 --- [localhost-startStop-1] com.zaxxer.hikari.HikariDataSource       : HikariPool-1 - Start completed.
2019-03-04 23:49:13.450  INFO 1962 --- [localhost-startStop-1] org.hibernate.dialect.Dialect            : HHH000400: Using dialect: org.hibernate.dialect.MySQL5InnoDBDialect
2019-03-04 23:49:14.805  INFO 1962 --- [localhost-startStop-1] j.LocalContainerEntityManagerFactoryBean : Initialized JPA EntityManagerFactory for persistence unit 'primaryPersistenceUnit'
2019-03-04 23:49:15.321  INFO 1962 --- [localhost-startStop-1] o.h.h.i.QueryTranslatorFactoryInitiator  : HHH000397: Using ASTQueryTranslatorFactory
2019-03-04 23:49:15.727  WARN 1962 --- [localhost-startStop-1] c.w.t.c.security.CustomSecurityFilter    : Could not validate configuration attributes as the SecurityMetadataSource did not return any attributes from getAllConfigAttributes()
2019-03-04 23:49:15.821  INFO 1962 --- [localhost-startStop-1] o.s.b.w.servlet.FilterRegistrationBean   : Mapping filter: 'characterEncodingFilter' to: [/*]
2019-03-04 23:49:15.823  INFO 1962 --- [localhost-startStop-1] .s.DelegatingFilterProxyRegistrationBean : Mapping filter: 'springSecurityFilterChain' to: [/*]
2019-03-04 23:49:15.823  INFO 1962 --- [localhost-startStop-1] o.s.b.w.servlet.FilterRegistrationBean   : Mapping filter: 'customSecurityFilter' to: [/*]
2019-03-04 23:49:15.824  INFO 1962 --- [localhost-startStop-1] o.s.b.w.servlet.FilterRegistrationBean   : Mapping filter: 'customUsernamePasswordAuthenticationFilter' to: [/*]
2019-03-04 23:49:15.824  INFO 1962 --- [localhost-startStop-1] o.s.b.w.servlet.FilterRegistrationBean   : Mapping filter: 'concurrencyFilter' to: [/*]
2019-03-04 23:49:15.825  INFO 1962 --- [localhost-startStop-1] o.s.b.w.servlet.ServletRegistrationBean  : Servlet dispatcherServlet mapped to [/]
2019-03-04 23:49:16.954  INFO 1962 --- [main] o.s.s.web.DefaultSecurityFilterChain     : Creating filter chain: org.springframework.security.web.util.matcher.AnyRequestMatcher@1, [org.springframework.security.web.context.request.async.WebAsyncManagerIntegrationFilter@3292d91a, org.springframework.security.web.context.SecurityContextPersistenceFilter@721d5b74, org.springframework.security.web.header.HeaderWriterFilter@66e17eff, org.springframework.security.web.csrf.CsrfFilter@feb098f, org.springframework.security.web.authentication.logout.LogoutFilter@5707f613, com.wgbing.thinker.config.security.CustomAuthenticationFilter@10402dc9, org.springframework.security.web.authentication.UsernamePasswordAuthenticationFilter@35650279, org.springframework.security.web.session.ConcurrentSessionFilter@506eab3f, org.springframework.security.web.savedrequest.RequestCacheAwareFilter@41bfa9e9, org.springframework.security.web.servletapi.SecurityContextHolderAwareRequestFilter@519c6fcc, org.springframework.security.web.authentication.AnonymousAuthenticationFilter@5921b93c, org.springframework.security.web.session.SessionManagementFilter@1bbddada, org.springframework.security.web.access.ExceptionTranslationFilter@2dafae61, com.wgbing.thinker.config.security.CustomSecurityFilter@5c8a64c0, org.springframework.security.web.access.intercept.FilterSecurityInterceptor@251c4280]
2019-03-04 23:49:17.268  WARN 1962 --- [main] aWebConfiguration$JpaWebMvcConfiguration : spring.jpa.open-in-view is enabled by default. Therefore, database queries may be performed during view rendering. Explicitly configure spring.jpa.open-in-view to disable this warning
2019-03-04 23:49:18.251  INFO 1962 --- [main] o.s.j.e.a.AnnotationMBeanExporter        : Registering beans for JMX exposure on startup
2019-03-04 23:49:18.253  INFO 1962 --- [main] o.s.j.e.a.AnnotationMBeanExporter        : Bean with name 'dataSource' has been autodetected for JMX exposure
2019-03-04 23:49:18.270  INFO 1962 --- [main] o.s.j.e.a.AnnotationMBeanExporter        : Located MBean 'dataSource': registering with JMX server as MBean [com.zaxxer.hikari:name=dataSource,type=HikariDataSource]
2019-03-04 23:49:18.342  INFO 1962 --- [main] o.s.b.w.embedded.tomcat.TomcatWebServer  : Tomcat started on port(s): 8088 (http) with context path ''
2019-03-04 23:49:18.349  INFO 1962 --- [main] com.wgbing.thinker.ThinkerApplication    : Started ThinkerApplication in 10.839 seconds (JVM running for 12.378)
2019-03-04 23:50:51.315  INFO 1962 --- [http-nio-8088-exec-1] o.a.c.c.C.[Tomcat].[localhost].[/]       : Initializing Spring FrameworkServlet 'dispatcherServlet'
2019-03-04 23:51:45.163  INFO 1962 --- [Thread-25] ConfigServletWebServerApplicationContext : Closing org.springframework.boot.web.servlet.context.AnnotationConfigServletWebServerApplicationContext@18b0930f: startup date [Mon Mar 04 23:49:08 CST 2019]; root of context hierarchy
2019-03-04 23:51:45.167  INFO 1962 --- [Thread-25] o.s.j.e.a.AnnotationMBeanExporter        : Unregistering JMX-exposed beans on shutdown
2019-03-04 23:51:45.167  INFO 1962 --- [Thread-25] o.s.j.e.a.AnnotationMBeanExporter        : Unregistering JMX-exposed beans
2019-03-04 23:51:45.176  INFO 1962 --- [Thread-25] j.LocalContainerEntityManagerFactoryBean : Closing JPA EntityManagerFactory for persistence unit 'primaryPersistenceUnit'
2019-03-04 23:51:45.181  INFO 1962 --- [Thread-25] com.zaxxer.hikari.HikariDataSource       : HikariPool-1 - Shutdown initiated...
2019-03-04 23:51:45.224  INFO 1962 --- [Thread-25] com.zaxxer.hikari.HikariDataSource       : HikariPool-1 - Shutdown completed.
2019-03-04 23:51:55.344  INFO 1980 --- [main] com.wgbing.thinker.ThinkerApplication    : Starting ThinkerApplication on wgbingdeMacBook-Pro.local with PID 1980 (/Users/wgbing/IdeaProjects/GitHub/thinker/target/classes started by wgbing in /Users/wgbing/IdeaProjects/GitHub/thinker)
2019-03-04 23:51:55.348  INFO 1980 --- [main] com.wgbing.thinker.ThinkerApplication    : The following profiles are active: dev
2019-03-04 23:51:55.614  INFO 1980 --- [main] ConfigServletWebServerApplicationContext : Refreshing org.springframework.boot.web.servlet.context.AnnotationConfigServletWebServerApplicationContext@312ab28e: startup date [Mon Mar 04 23:51:55 CST 2019]; root of context hierarchy
2019-03-04 23:51:57.033  INFO 1980 --- [main] o.s.b.f.s.DefaultListableBeanFactory     : Overriding bean definition for bean 'customSecurityFilter' with a different definition: replacing [Generic bean: class [com.wgbing.thinker.config.security.CustomSecurityFilter]; scope=singleton; abstract=false; lazyInit=false; autowireMode=0; dependencyCheck=0; autowireCandidate=true; primary=false; factoryBeanName=null; factoryMethodName=null; initMethodName=null; destroyMethodName=null; defined in file [/Users/wgbing/IdeaProjects/GitHub/thinker/target/classes/com/wgbing/thinker/config/security/CustomSecurityFilter.class]] with [Root bean: class [null]; scope=; abstract=false; lazyInit=false; autowireMode=3; dependencyCheck=0; autowireCandidate=true; primary=false; factoryBeanName=webSecurityConfig; factoryMethodName=customSecurityFilter; initMethodName=null; destroyMethodName=(inferred); defined in class path resource [com/wgbing/thinker/config/security/WebSecurityConfig.class]]
2019-03-04 23:51:57.772  INFO 1980 --- [main] trationDelegate$BeanPostProcessorChecker : Bean 'org.springframework.security.config.annotation.configuration.ObjectPostProcessorConfiguration' of type [org.springframework.security.config.annotation.configuration.ObjectPostProcessorConfiguration$$EnhancerBySpringCGLIB$$a95f55ee] is not eligible for getting processed by all BeanPostProcessors (for example: not eligible for auto-proxying)
2019-03-04 23:51:57.790  INFO 1980 --- [main] trationDelegate$BeanPostProcessorChecker : Bean 'objectPostProcessor' of type [org.springframework.security.config.annotation.configuration.AutowireBeanFactoryObjectPostProcessor] is not eligible for getting processed by all BeanPostProcessors (for example: not eligible for auto-proxying)
2019-03-04 23:51:57.793  INFO 1980 --- [main] trationDelegate$BeanPostProcessorChecker : Bean 'org.springframework.security.access.expression.method.DefaultMethodSecurityExpressionHandler@625dfff3' of type [org.springframework.security.access.expression.method.DefaultMethodSecurityExpressionHandler] is not eligible for getting processed by all BeanPostProcessors (for example: not eligible for auto-proxying)
2019-03-04 23:51:57.803  INFO 1980 --- [main] trationDelegate$BeanPostProcessorChecker : Bean 'org.springframework.security.config.annotation.method.configuration.GlobalMethodSecurityConfiguration' of type [org.springframework.security.config.annotation.method.configuration.GlobalMethodSecurityConfiguration$$EnhancerBySpringCGLIB$$ce33f8a0] is not eligible for getting processed by all BeanPostProcessors (for example: not eligible for auto-proxying)
2019-03-04 23:51:57.824  INFO 1980 --- [main] trationDelegate$BeanPostProcessorChecker : Bean 'methodSecurityMetadataSource' of type [org.springframework.security.access.method.DelegatingMethodSecurityMetadataSource] is not eligible for getting processed by all BeanPostProcessors (for example: not eligible for auto-proxying)
2019-03-04 23:51:57.844  INFO 1980 --- [main] trationDelegate$BeanPostProcessorChecker : Bean 'org.springframework.transaction.annotation.ProxyTransactionManagementConfiguration' of type [org.springframework.transaction.annotation.ProxyTransactionManagementConfiguration$$EnhancerBySpringCGLIB$$10b18db4] is not eligible for getting processed by all BeanPostProcessors (for example: not eligible for auto-proxying)
2019-03-04 23:51:58.289  INFO 1980 --- [main] o.s.b.w.embedded.tomcat.TomcatWebServer  : Tomcat initialized with port(s): 8088 (http)
2019-03-04 23:51:58.329  INFO 1980 --- [main] o.apache.catalina.core.StandardService   : Starting service [Tomcat]
2019-03-04 23:51:58.330  INFO 1980 --- [main] org.apache.catalina.core.StandardEngine  : Starting Servlet Engine: Apache Tomcat/8.5.31
2019-03-04 23:51:58.338  INFO 1980 --- [localhost-startStop-1] o.a.catalina.core.AprLifecycleListener   : The APR based Apache Tomcat Native library which allows optimal performance in production environments was not found on the java.library.path: [/Users/wgbing/Library/Java/Extensions:/Library/Java/Extensions:/Network/Library/Java/Extensions:/System/Library/Java/Extensions:/usr/lib/java:.]
2019-03-04 23:51:58.431  INFO 1980 --- [localhost-startStop-1] o.a.c.c.C.[Tomcat].[localhost].[/]       : Initializing Spring embedded WebApplicationContext
2019-03-04 23:51:58.942  INFO 1980 --- [localhost-startStop-1] j.LocalContainerEntityManagerFactoryBean : Building JPA container EntityManagerFactory for persistence unit 'primaryPersistenceUnit'
2019-03-04 23:51:58.955  INFO 1980 --- [localhost-startStop-1] o.hibernate.jpa.internal.util.LogHelper  : HHH000204: Processing PersistenceUnitInfo [
	name: primaryPersistenceUnit
	...]
2019-03-04 23:51:59.161  INFO 1980 --- [localhost-startStop-1] org.hibernate.Version                    : HHH000412: Hibernate Core {5.2.17.Final}
2019-03-04 23:51:59.163  INFO 1980 --- [localhost-startStop-1] org.hibernate.cfg.Environment            : HHH000206: hibernate.properties not found
2019-03-04 23:51:59.261  INFO 1980 --- [localhost-startStop-1] o.hibernate.annotations.common.Version   : HCANN000001: Hibernate Commons Annotations {5.0.1.Final}
2019-03-04 23:51:59.806  INFO 1980 --- [localhost-startStop-1] com.zaxxer.hikari.HikariDataSource       : HikariPool-1 - Starting...
2019-03-04 23:52:00.046  INFO 1980 --- [localhost-startStop-1] com.zaxxer.hikari.HikariDataSource       : HikariPool-1 - Start completed.
2019-03-04 23:52:00.060  INFO 1980 --- [localhost-startStop-1] org.hibernate.dialect.Dialect            : HHH000400: Using dialect: org.hibernate.dialect.MySQL5InnoDBDialect
2019-03-04 23:52:01.113  INFO 1980 --- [localhost-startStop-1] j.LocalContainerEntityManagerFactoryBean : Initialized JPA EntityManagerFactory for persistence unit 'primaryPersistenceUnit'
2019-03-04 23:52:01.569  INFO 1980 --- [localhost-startStop-1] o.h.h.i.QueryTranslatorFactoryInitiator  : HHH000397: Using ASTQueryTranslatorFactory
2019-03-04 23:52:01.959  WARN 1980 --- [localhost-startStop-1] c.w.t.c.security.CustomSecurityFilter    : Could not validate configuration attributes as the SecurityMetadataSource did not return any attributes from getAllConfigAttributes()
2019-03-04 23:52:02.049  INFO 1980 --- [localhost-startStop-1] o.s.b.w.servlet.FilterRegistrationBean   : Mapping filter: 'characterEncodingFilter' to: [/*]
2019-03-04 23:52:02.050  INFO 1980 --- [localhost-startStop-1] .s.DelegatingFilterProxyRegistrationBean : Mapping filter: 'springSecurityFilterChain' to: [/*]
2019-03-04 23:52:02.050  INFO 1980 --- [localhost-startStop-1] o.s.b.w.servlet.FilterRegistrationBean   : Mapping filter: 'customSecurityFilter' to: [/*]
2019-03-04 23:52:02.050  INFO 1980 --- [localhost-startStop-1] o.s.b.w.servlet.FilterRegistrationBean   : Mapping filter: 'customUsernamePasswordAuthenticationFilter' to: [/*]
2019-03-04 23:52:02.050  INFO 1980 --- [localhost-startStop-1] o.s.b.w.servlet.FilterRegistrationBean   : Mapping filter: 'concurrencyFilter' to: [/*]
2019-03-04 23:52:02.051  INFO 1980 --- [localhost-startStop-1] o.s.b.w.servlet.ServletRegistrationBean  : Servlet dispatcherServlet mapped to [/]
2019-03-04 23:52:03.154  INFO 1980 --- [main] o.s.s.web.DefaultSecurityFilterChain     : Creating filter chain: org.springframework.security.web.util.matcher.AnyRequestMatcher@1, [org.springframework.security.web.context.request.async.WebAsyncManagerIntegrationFilter@12d40609, org.springframework.security.web.context.SecurityContextPersistenceFilter@4c531172, org.springframework.security.web.header.HeaderWriterFilter@310a7859, org.springframework.security.web.csrf.CsrfFilter@739265f1, org.springframework.security.web.authentication.logout.LogoutFilter@2c604965, com.wgbing.thinker.config.security.CustomAuthenticationFilter@797f8e18, org.springframework.security.web.authentication.UsernamePasswordAuthenticationFilter@385d819, org.springframework.security.web.session.ConcurrentSessionFilter@ad6f062, org.springframework.security.web.savedrequest.RequestCacheAwareFilter@5ac53c06, org.springframework.security.web.servletapi.SecurityContextHolderAwareRequestFilter@3c25cfe1, org.springframework.security.web.authentication.AnonymousAuthenticationFilter@76437e9b, org.springframework.security.web.session.SessionManagementFilter@2506e949, org.springframework.security.web.access.ExceptionTranslationFilter@a0bf272, com.wgbing.thinker.config.security.CustomSecurityFilter@49e85240, org.springframework.security.web.access.intercept.FilterSecurityInterceptor@51a16adf]
2019-03-04 23:52:03.415  WARN 1980 --- [main] aWebConfiguration$JpaWebMvcConfiguration : spring.jpa.open-in-view is enabled by default. Therefore, database queries may be performed during view rendering. Explicitly configure spring.jpa.open-in-view to disable this warning
2019-03-04 23:52:03.914  INFO 1980 --- [main] o.s.j.e.a.AnnotationMBeanExporter        : Registering beans for JMX exposure on startup
2019-03-04 23:52:03.915  INFO 1980 --- [main] o.s.j.e.a.AnnotationMBeanExporter        : Bean with name 'dataSource' has been autodetected for JMX exposure
2019-03-04 23:52:03.924  INFO 1980 --- [main] o.s.j.e.a.AnnotationMBeanExporter        : Located MBean 'dataSource': registering with JMX server as MBean [com.zaxxer.hikari:name=dataSource,type=HikariDataSource]
2019-03-04 23:52:03.988  INFO 1980 --- [main] o.s.b.w.embedded.tomcat.TomcatWebServer  : Tomcat started on port(s): 8088 (http) with context path ''
2019-03-04 23:52:03.993  INFO 1980 --- [main] com.wgbing.thinker.ThinkerApplication    : Started ThinkerApplication in 9.615 seconds (JVM running for 11.093)
2019-03-04 23:52:36.479  INFO 1980 --- [http-nio-8088-exec-1] o.a.c.c.C.[Tomcat].[localhost].[/]       : Initializing Spring FrameworkServlet 'dispatcherServlet'
2019-03-04 23:58:17.596  INFO 1980 --- [Thread-23] ConfigServletWebServerApplicationContext : Closing org.springframework.boot.web.servlet.context.AnnotationConfigServletWebServerApplicationContext@312ab28e: startup date [Mon Mar 04 23:51:55 CST 2019]; root of context hierarchy
2019-03-04 23:58:17.612  INFO 1980 --- [Thread-23] o.s.j.e.a.AnnotationMBeanExporter        : Unregistering JMX-exposed beans on shutdown
2019-03-04 23:58:17.619  INFO 1980 --- [Thread-23] o.s.j.e.a.AnnotationMBeanExporter        : Unregistering JMX-exposed beans
2019-03-04 23:58:17.630  INFO 1980 --- [Thread-23] j.LocalContainerEntityManagerFactoryBean : Closing JPA EntityManagerFactory for persistence unit 'primaryPersistenceUnit'
2019-03-04 23:58:17.636  INFO 1980 --- [Thread-23] com.zaxxer.hikari.HikariDataSource       : HikariPool-1 - Shutdown initiated...
2019-03-04 23:58:17.644  INFO 1980 --- [Thread-23] com.zaxxer.hikari.HikariDataSource       : HikariPool-1 - Shutdown completed.
