2019-03-05 00:03:51.394  INFO 2106 --- [main] com.wgbing.thinker.ThinkerApplication    : Starting ThinkerApplication on wgbingdeMacBook-Pro.local with PID 2106 (/Users/wgbing/IdeaProjects/GitHub/thinker/target/classes started by wgbing in /Users/wgbing/IdeaProjects/GitHub/thinker)
2019-03-05 00:03:51.413  INFO 2106 --- [main] com.wgbing.thinker.ThinkerApplication    : The following profiles are active: dev
2019-03-05 00:03:51.577  INFO 2106 --- [main] ConfigServletWebServerApplicationContext : Refreshing org.springframework.boot.web.servlet.context.AnnotationConfigServletWebServerApplicationContext@3c989952: startup date [Tue Mar 05 00:03:51 CST 2019]; root of context hierarchy
2019-03-05 00:03:53.656  INFO 2106 --- [main] o.s.b.f.s.DefaultListableBeanFactory     : Overriding bean definition for bean 'customSecurityFilter' with a different definition: replacing [Generic bean: class [com.wgbing.thinker.config.security.CustomSecurityFilter]; scope=singleton; abstract=false; lazyInit=false; autowireMode=0; dependencyCheck=0; autowireCandidate=true; primary=false; factoryBeanName=null; factoryMethodName=null; initMethodName=null; destroyMethodName=null; defined in file [/Users/wgbing/IdeaProjects/GitHub/thinker/target/classes/com/wgbing/thinker/config/security/CustomSecurityFilter.class]] with [Root bean: class [null]; scope=; abstract=false; lazyInit=false; autowireMode=3; dependencyCheck=0; autowireCandidate=true; primary=false; factoryBeanName=webSecurityConfig; factoryMethodName=customSecurityFilter; initMethodName=null; destroyMethodName=(inferred); defined in class path resource [com/wgbing/thinker/config/security/WebSecurityConfig.class]]
2019-03-05 00:03:55.257  INFO 2106 --- [main] trationDelegate$BeanPostProcessorChecker : Bean 'org.springframework.security.config.annotation.configuration.ObjectPostProcessorConfiguration' of type [org.springframework.security.config.annotation.configuration.ObjectPostProcessorConfiguration$$EnhancerBySpringCGLIB$$9ce4fdc] is not eligible for getting processed by all BeanPostProcessors (for example: not eligible for auto-proxying)
2019-03-05 00:03:55.289  INFO 2106 --- [main] trationDelegate$BeanPostProcessorChecker : Bean 'objectPostProcessor' of type [org.springframework.security.config.annotation.configuration.AutowireBeanFactoryObjectPostProcessor] is not eligible for getting processed by all BeanPostProcessors (for example: not eligible for auto-proxying)
2019-03-05 00:03:55.293  INFO 2106 --- [main] trationDelegate$BeanPostProcessorChecker : Bean 'org.springframework.security.access.expression.method.DefaultMethodSecurityExpressionHandler@6ad16c5d' of type [org.springframework.security.access.expression.method.DefaultMethodSecurityExpressionHandler] is not eligible for getting processed by all BeanPostProcessors (for example: not eligible for auto-proxying)
2019-03-05 00:03:55.306  INFO 2106 --- [main] trationDelegate$BeanPostProcessorChecker : Bean 'org.springframework.security.config.annotation.method.configuration.GlobalMethodSecurityConfiguration' of type [org.springframework.security.config.annotation.method.configuration.GlobalMethodSecurityConfiguration$$EnhancerBySpringCGLIB$$2ea2f28e] is not eligible for getting processed by all BeanPostProcessors (for example: not eligible for auto-proxying)
2019-03-05 00:03:55.326  INFO 2106 --- [main] trationDelegate$BeanPostProcessorChecker : Bean 'methodSecurityMetadataSource' of type [org.springframework.security.access.method.DelegatingMethodSecurityMetadataSource] is not eligible for getting processed by all BeanPostProcessors (for example: not eligible for auto-proxying)
2019-03-05 00:03:55.355  INFO 2106 --- [main] trationDelegate$BeanPostProcessorChecker : Bean 'org.springframework.transaction.annotation.ProxyTransactionManagementConfiguration' of type [org.springframework.transaction.annotation.ProxyTransactionManagementConfiguration$$EnhancerBySpringCGLIB$$712087a2] is not eligible for getting processed by all BeanPostProcessors (for example: not eligible for auto-proxying)
2019-03-05 00:03:55.892  INFO 2106 --- [main] o.s.b.w.embedded.tomcat.TomcatWebServer  : Tomcat initialized with port(s): 8088 (http)
2019-03-05 00:03:55.923  INFO 2106 --- [main] o.apache.catalina.core.StandardService   : Starting service [Tomcat]
2019-03-05 00:03:55.923  INFO 2106 --- [main] org.apache.catalina.core.StandardEngine  : Starting Servlet Engine: Apache Tomcat/8.5.31
2019-03-05 00:03:55.929  INFO 2106 --- [localhost-startStop-1] o.a.catalina.core.AprLifecycleListener   : The APR based Apache Tomcat Native library which allows optimal performance in production environments was not found on the java.library.path: [/Users/wgbing/Library/Java/Extensions:/Library/Java/Extensions:/Network/Library/Java/Extensions:/System/Library/Java/Extensions:/usr/lib/java:.]
2019-03-05 00:03:56.060  INFO 2106 --- [localhost-startStop-1] o.a.c.c.C.[Tomcat].[localhost].[/]       : Initializing Spring embedded WebApplicationContext
2019-03-05 00:03:56.578  INFO 2106 --- [localhost-startStop-1] j.LocalContainerEntityManagerFactoryBean : Building JPA container EntityManagerFactory for persistence unit 'primaryPersistenceUnit'
2019-03-05 00:03:56.594  INFO 2106 --- [localhost-startStop-1] o.hibernate.jpa.internal.util.LogHelper  : HHH000204: Processing PersistenceUnitInfo [
	name: primaryPersistenceUnit
	...]
2019-03-05 00:03:56.897  INFO 2106 --- [localhost-startStop-1] org.hibernate.Version                    : HHH000412: Hibernate Core {5.2.17.Final}
2019-03-05 00:03:56.900  INFO 2106 --- [localhost-startStop-1] org.hibernate.cfg.Environment            : HHH000206: hibernate.properties not found
2019-03-05 00:03:56.991  INFO 2106 --- [localhost-startStop-1] o.hibernate.annotations.common.Version   : HCANN000001: Hibernate Commons Annotations {5.0.1.Final}
2019-03-05 00:03:57.628  INFO 2106 --- [localhost-startStop-1] com.zaxxer.hikari.HikariDataSource       : HikariPool-1 - Starting...
2019-03-05 00:03:57.911  INFO 2106 --- [localhost-startStop-1] com.zaxxer.hikari.HikariDataSource       : HikariPool-1 - Start completed.
2019-03-05 00:03:57.932  INFO 2106 --- [localhost-startStop-1] org.hibernate.dialect.Dialect            : HHH000400: Using dialect: org.hibernate.dialect.MySQL5InnoDBDialect
2019-03-05 00:03:59.308  INFO 2106 --- [localhost-startStop-1] j.LocalContainerEntityManagerFactoryBean : Initialized JPA EntityManagerFactory for persistence unit 'primaryPersistenceUnit'
2019-03-05 00:03:59.768  INFO 2106 --- [localhost-startStop-1] o.h.h.i.QueryTranslatorFactoryInitiator  : HHH000397: Using ASTQueryTranslatorFactory
2019-03-05 00:04:00.159  WARN 2106 --- [localhost-startStop-1] c.w.t.c.security.CustomSecurityFilter    : Could not validate configuration attributes as the SecurityMetadataSource did not return any attributes from getAllConfigAttributes()
2019-03-05 00:04:00.251  INFO 2106 --- [localhost-startStop-1] o.s.b.w.servlet.FilterRegistrationBean   : Mapping filter: 'characterEncodingFilter' to: [/*]
2019-03-05 00:04:00.252  INFO 2106 --- [localhost-startStop-1] .s.DelegatingFilterProxyRegistrationBean : Mapping filter: 'springSecurityFilterChain' to: [/*]
2019-03-05 00:04:00.252  INFO 2106 --- [localhost-startStop-1] o.s.b.w.servlet.FilterRegistrationBean   : Mapping filter: 'customSecurityFilter' to: [/*]
2019-03-05 00:04:00.252  INFO 2106 --- [localhost-startStop-1] o.s.b.w.servlet.FilterRegistrationBean   : Mapping filter: 'customUsernamePasswordAuthenticationFilter' to: [/*]
2019-03-05 00:04:00.252  INFO 2106 --- [localhost-startStop-1] o.s.b.w.servlet.FilterRegistrationBean   : Mapping filter: 'concurrencyFilter' to: [/*]
2019-03-05 00:04:00.252  INFO 2106 --- [localhost-startStop-1] o.s.b.w.servlet.ServletRegistrationBean  : Servlet dispatcherServlet mapped to [/]
2019-03-05 00:04:01.701  INFO 2106 --- [main] o.s.s.web.DefaultSecurityFilterChain     : Creating filter chain: org.springframework.security.web.util.matcher.AnyRequestMatcher@1, [org.springframework.security.web.context.request.async.WebAsyncManagerIntegrationFilter@1c30cb85, org.springframework.security.web.context.SecurityContextPersistenceFilter@715f45c6, org.springframework.security.web.header.HeaderWriterFilter@36c7cbe1, org.springframework.security.web.csrf.CsrfFilter@2ce03e86, org.springframework.security.web.authentication.logout.LogoutFilter@2e7af36e, com.wgbing.thinker.config.security.CustomAuthenticationFilter@4137b89c, org.springframework.security.web.authentication.UsernamePasswordAuthenticationFilter@5f726750, org.springframework.security.web.session.ConcurrentSessionFilter@68522a6a, org.springframework.security.web.savedrequest.RequestCacheAwareFilter@43245559, org.springframework.security.web.servletapi.SecurityContextHolderAwareRequestFilter@335f5c69, org.springframework.security.web.authentication.AnonymousAuthenticationFilter@577bf0aa, org.springframework.security.web.session.SessionManagementFilter@562919fe, org.springframework.security.web.access.ExceptionTranslationFilter@4cc01c7f, com.wgbing.thinker.config.security.CustomSecurityFilter@17aaa18c, org.springframework.security.web.access.intercept.FilterSecurityInterceptor@31acfd4e]
2019-03-05 00:04:01.948  WARN 2106 --- [main] aWebConfiguration$JpaWebMvcConfiguration : spring.jpa.open-in-view is enabled by default. Therefore, database queries may be performed during view rendering. Explicitly configure spring.jpa.open-in-view to disable this warning
2019-03-05 00:04:02.912  INFO 2106 --- [main] o.s.j.e.a.AnnotationMBeanExporter        : Registering beans for JMX exposure on startup
2019-03-05 00:04:02.913  INFO 2106 --- [main] o.s.j.e.a.AnnotationMBeanExporter        : Bean with name 'dataSource' has been autodetected for JMX exposure
2019-03-05 00:04:02.923  INFO 2106 --- [main] o.s.j.e.a.AnnotationMBeanExporter        : Located MBean 'dataSource': registering with JMX server as MBean [com.zaxxer.hikari:name=dataSource,type=HikariDataSource]
2019-03-05 00:04:02.991  INFO 2106 --- [main] o.s.b.w.embedded.tomcat.TomcatWebServer  : Tomcat started on port(s): 8088 (http) with context path ''
2019-03-05 00:04:02.995  INFO 2106 --- [main] com.wgbing.thinker.ThinkerApplication    : Started ThinkerApplication in 13.166 seconds (JVM running for 15.73)
2019-03-05 00:04:18.319  INFO 2106 --- [Thread-29] ConfigServletWebServerApplicationContext : Closing org.springframework.boot.web.servlet.context.AnnotationConfigServletWebServerApplicationContext@3c989952: startup date [Tue Mar 05 00:03:51 CST 2019]; root of context hierarchy
2019-03-05 00:04:18.323  INFO 2106 --- [Thread-29] o.s.j.e.a.AnnotationMBeanExporter        : Unregistering JMX-exposed beans on shutdown
2019-03-05 00:04:18.328  INFO 2106 --- [Thread-29] o.s.j.e.a.AnnotationMBeanExporter        : Unregistering JMX-exposed beans
2019-03-05 00:04:18.336  INFO 2106 --- [Thread-29] j.LocalContainerEntityManagerFactoryBean : Closing JPA EntityManagerFactory for persistence unit 'primaryPersistenceUnit'
2019-03-05 00:04:18.338  INFO 2106 --- [Thread-29] com.zaxxer.hikari.HikariDataSource       : HikariPool-1 - Shutdown initiated...
2019-03-05 00:04:18.349  INFO 2106 --- [Thread-29] com.zaxxer.hikari.HikariDataSource       : HikariPool-1 - Shutdown completed.
2019-03-05 00:04:30.088  INFO 2117 --- [main] com.wgbing.thinker.ThinkerApplication    : Starting ThinkerApplication on wgbingdeMacBook-Pro.local with PID 2117 (/Users/wgbing/IdeaProjects/GitHub/thinker/target/classes started by wgbing in /Users/wgbing/IdeaProjects/GitHub/thinker)
2019-03-05 00:04:30.105  INFO 2117 --- [main] com.wgbing.thinker.ThinkerApplication    : The following profiles are active: dev
2019-03-05 00:04:30.326  INFO 2117 --- [main] ConfigServletWebServerApplicationContext : Refreshing org.springframework.boot.web.servlet.context.AnnotationConfigServletWebServerApplicationContext@65fe9e33: startup date [Tue Mar 05 00:04:30 CST 2019]; root of context hierarchy
2019-03-05 00:04:31.771  INFO 2117 --- [main] o.s.b.f.s.DefaultListableBeanFactory     : Overriding bean definition for bean 'customSecurityFilter' with a different definition: replacing [Generic bean: class [com.wgbing.thinker.config.security.CustomSecurityFilter]; scope=singleton; abstract=false; lazyInit=false; autowireMode=0; dependencyCheck=0; autowireCandidate=true; primary=false; factoryBeanName=null; factoryMethodName=null; initMethodName=null; destroyMethodName=null; defined in file [/Users/wgbing/IdeaProjects/GitHub/thinker/target/classes/com/wgbing/thinker/config/security/CustomSecurityFilter.class]] with [Root bean: class [null]; scope=; abstract=false; lazyInit=false; autowireMode=3; dependencyCheck=0; autowireCandidate=true; primary=false; factoryBeanName=webSecurityConfig; factoryMethodName=customSecurityFilter; initMethodName=null; destroyMethodName=(inferred); defined in class path resource [com/wgbing/thinker/config/security/WebSecurityConfig.class]]
2019-03-05 00:04:32.490  INFO 2117 --- [main] trationDelegate$BeanPostProcessorChecker : Bean 'org.springframework.security.config.annotation.configuration.ObjectPostProcessorConfiguration' of type [org.springframework.security.config.annotation.configuration.ObjectPostProcessorConfiguration$$EnhancerBySpringCGLIB$$ee2acc0d] is not eligible for getting processed by all BeanPostProcessors (for example: not eligible for auto-proxying)
2019-03-05 00:04:32.507  INFO 2117 --- [main] trationDelegate$BeanPostProcessorChecker : Bean 'objectPostProcessor' of type [org.springframework.security.config.annotation.configuration.AutowireBeanFactoryObjectPostProcessor] is not eligible for getting processed by all BeanPostProcessors (for example: not eligible for auto-proxying)
2019-03-05 00:04:32.509  INFO 2117 --- [main] trationDelegate$BeanPostProcessorChecker : Bean 'org.springframework.security.access.expression.method.DefaultMethodSecurityExpressionHandler@317a118b' of type [org.springframework.security.access.expression.method.DefaultMethodSecurityExpressionHandler] is not eligible for getting processed by all BeanPostProcessors (for example: not eligible for auto-proxying)
2019-03-05 00:04:32.515  INFO 2117 --- [main] trationDelegate$BeanPostProcessorChecker : Bean 'org.springframework.security.config.annotation.method.configuration.GlobalMethodSecurityConfiguration' of type [org.springframework.security.config.annotation.method.configuration.GlobalMethodSecurityConfiguration$$EnhancerBySpringCGLIB$$12ff6ebf] is not eligible for getting processed by all BeanPostProcessors (for example: not eligible for auto-proxying)
2019-03-05 00:04:32.524  INFO 2117 --- [main] trationDelegate$BeanPostProcessorChecker : Bean 'methodSecurityMetadataSource' of type [org.springframework.security.access.method.DelegatingMethodSecurityMetadataSource] is not eligible for getting processed by all BeanPostProcessors (for example: not eligible for auto-proxying)
2019-03-05 00:04:32.536  INFO 2117 --- [main] trationDelegate$BeanPostProcessorChecker : Bean 'org.springframework.transaction.annotation.ProxyTransactionManagementConfiguration' of type [org.springframework.transaction.annotation.ProxyTransactionManagementConfiguration$$EnhancerBySpringCGLIB$$557d03d3] is not eligible for getting processed by all BeanPostProcessors (for example: not eligible for auto-proxying)
2019-03-05 00:04:32.974  INFO 2117 --- [main] o.s.b.w.embedded.tomcat.TomcatWebServer  : Tomcat initialized with port(s): 8088 (http)
2019-03-05 00:04:32.999  INFO 2117 --- [main] o.apache.catalina.core.StandardService   : Starting service [Tomcat]
2019-03-05 00:04:33.000  INFO 2117 --- [main] org.apache.catalina.core.StandardEngine  : Starting Servlet Engine: Apache Tomcat/8.5.31
2019-03-05 00:04:33.006  INFO 2117 --- [localhost-startStop-1] o.a.catalina.core.AprLifecycleListener   : The APR based Apache Tomcat Native library which allows optimal performance in production environments was not found on the java.library.path: [/Users/wgbing/Library/Java/Extensions:/Library/Java/Extensions:/Network/Library/Java/Extensions:/System/Library/Java/Extensions:/usr/lib/java:.]
2019-03-05 00:04:33.093  INFO 2117 --- [localhost-startStop-1] o.a.c.c.C.[Tomcat].[localhost].[/]       : Initializing Spring embedded WebApplicationContext
2019-03-05 00:04:33.607  INFO 2117 --- [localhost-startStop-1] j.LocalContainerEntityManagerFactoryBean : Building JPA container EntityManagerFactory for persistence unit 'primaryPersistenceUnit'
2019-03-05 00:04:33.623  INFO 2117 --- [localhost-startStop-1] o.hibernate.jpa.internal.util.LogHelper  : HHH000204: Processing PersistenceUnitInfo [
	name: primaryPersistenceUnit
	...]
2019-03-05 00:04:33.860  INFO 2117 --- [localhost-startStop-1] org.hibernate.Version                    : HHH000412: Hibernate Core {5.2.17.Final}
2019-03-05 00:04:33.863  INFO 2117 --- [localhost-startStop-1] org.hibernate.cfg.Environment            : HHH000206: hibernate.properties not found
2019-03-05 00:04:33.921  INFO 2117 --- [localhost-startStop-1] o.hibernate.annotations.common.Version   : HCANN000001: Hibernate Commons Annotations {5.0.1.Final}
2019-03-05 00:04:34.300  INFO 2117 --- [localhost-startStop-1] com.zaxxer.hikari.HikariDataSource       : HikariPool-1 - Starting...
2019-03-05 00:04:34.506  INFO 2117 --- [localhost-startStop-1] com.zaxxer.hikari.HikariDataSource       : HikariPool-1 - Start completed.
2019-03-05 00:04:34.538  INFO 2117 --- [localhost-startStop-1] org.hibernate.dialect.Dialect            : HHH000400: Using dialect: org.hibernate.dialect.MySQL5InnoDBDialect
2019-03-05 00:04:35.516  INFO 2117 --- [localhost-startStop-1] j.LocalContainerEntityManagerFactoryBean : Initialized JPA EntityManagerFactory for persistence unit 'primaryPersistenceUnit'
2019-03-05 00:04:35.902  INFO 2117 --- [localhost-startStop-1] o.h.h.i.QueryTranslatorFactoryInitiator  : HHH000397: Using ASTQueryTranslatorFactory
2019-03-05 00:04:36.234  WARN 2117 --- [localhost-startStop-1] c.w.t.c.security.CustomSecurityFilter    : Could not validate configuration attributes as the SecurityMetadataSource did not return any attributes from getAllConfigAttributes()
2019-03-05 00:04:36.317  INFO 2117 --- [localhost-startStop-1] o.s.b.w.servlet.FilterRegistrationBean   : Mapping filter: 'characterEncodingFilter' to: [/*]
2019-03-05 00:04:36.318  INFO 2117 --- [localhost-startStop-1] .s.DelegatingFilterProxyRegistrationBean : Mapping filter: 'springSecurityFilterChain' to: [/*]
2019-03-05 00:04:36.318  INFO 2117 --- [localhost-startStop-1] o.s.b.w.servlet.FilterRegistrationBean   : Mapping filter: 'customSecurityFilter' to: [/*]
2019-03-05 00:04:36.318  INFO 2117 --- [localhost-startStop-1] o.s.b.w.servlet.FilterRegistrationBean   : Mapping filter: 'customUsernamePasswordAuthenticationFilter' to: [/*]
2019-03-05 00:04:36.318  INFO 2117 --- [localhost-startStop-1] o.s.b.w.servlet.FilterRegistrationBean   : Mapping filter: 'concurrencyFilter' to: [/*]
2019-03-05 00:04:36.319  INFO 2117 --- [localhost-startStop-1] o.s.b.w.servlet.ServletRegistrationBean  : Servlet dispatcherServlet mapped to [/]
2019-03-05 00:04:37.311  INFO 2117 --- [main] o.s.s.web.DefaultSecurityFilterChain     : Creating filter chain: org.springframework.security.web.util.matcher.AnyRequestMatcher@1, [org.springframework.security.web.context.request.async.WebAsyncManagerIntegrationFilter@4bc6da03, org.springframework.security.web.context.SecurityContextPersistenceFilter@122635ef, org.springframework.security.web.header.HeaderWriterFilter@d13960e, org.springframework.security.web.csrf.CsrfFilter@2f20f7ad, org.springframework.security.web.authentication.logout.LogoutFilter@59a2388e, com.wgbing.thinker.config.security.CustomAuthenticationFilter@1e7c125a, org.springframework.security.web.authentication.UsernamePasswordAuthenticationFilter@7f0b93b4, org.springframework.security.web.session.ConcurrentSessionFilter@7c368e6d, org.springframework.security.web.savedrequest.RequestCacheAwareFilter@3d53e6f7, org.springframework.security.web.servletapi.SecurityContextHolderAwareRequestFilter@51da32e5, org.springframework.security.web.authentication.AnonymousAuthenticationFilter@4f59a516, org.springframework.security.web.session.SessionManagementFilter@5e593b08, org.springframework.security.web.access.ExceptionTranslationFilter@3ad8717d, com.wgbing.thinker.config.security.CustomSecurityFilter@197bffa0, org.springframework.security.web.access.intercept.FilterSecurityInterceptor@52d3fafd]
2019-03-05 00:04:37.537  WARN 2117 --- [main] aWebConfiguration$JpaWebMvcConfiguration : spring.jpa.open-in-view is enabled by default. Therefore, database queries may be performed during view rendering. Explicitly configure spring.jpa.open-in-view to disable this warning
2019-03-05 00:04:38.009  INFO 2117 --- [main] o.s.j.e.a.AnnotationMBeanExporter        : Registering beans for JMX exposure on startup
2019-03-05 00:04:38.010  INFO 2117 --- [main] o.s.j.e.a.AnnotationMBeanExporter        : Bean with name 'dataSource' has been autodetected for JMX exposure
2019-03-05 00:04:38.018  INFO 2117 --- [main] o.s.j.e.a.AnnotationMBeanExporter        : Located MBean 'dataSource': registering with JMX server as MBean [com.zaxxer.hikari:name=dataSource,type=HikariDataSource]
2019-03-05 00:04:38.075  INFO 2117 --- [main] o.s.b.w.embedded.tomcat.TomcatWebServer  : Tomcat started on port(s): 8088 (http) with context path ''
2019-03-05 00:04:38.080  INFO 2117 --- [main] com.wgbing.thinker.ThinkerApplication    : Started ThinkerApplication in 8.976 seconds (JVM running for 10.523)
2019-03-05 00:04:54.186  INFO 2117 --- [http-nio-8088-exec-1] o.a.c.c.C.[Tomcat].[localhost].[/]       : Initializing Spring FrameworkServlet 'dispatcherServlet'
2019-03-05 00:14:17.562  INFO 2117 --- [Thread-22] ConfigServletWebServerApplicationContext : Closing org.springframework.boot.web.servlet.context.AnnotationConfigServletWebServerApplicationContext@65fe9e33: startup date [Tue Mar 05 00:04:30 CST 2019]; root of context hierarchy
2019-03-05 00:14:17.602  INFO 2117 --- [Thread-22] o.s.j.e.a.AnnotationMBeanExporter        : Unregistering JMX-exposed beans on shutdown
2019-03-05 00:14:17.604  INFO 2117 --- [Thread-22] o.s.j.e.a.AnnotationMBeanExporter        : Unregistering JMX-exposed beans
2019-03-05 00:14:17.610  INFO 2117 --- [Thread-22] j.LocalContainerEntityManagerFactoryBean : Closing JPA EntityManagerFactory for persistence unit 'primaryPersistenceUnit'
2019-03-05 00:14:17.615  INFO 2117 --- [Thread-22] com.zaxxer.hikari.HikariDataSource       : HikariPool-1 - Shutdown initiated...
2019-03-05 00:14:17.626  INFO 2117 --- [Thread-22] com.zaxxer.hikari.HikariDataSource       : HikariPool-1 - Shutdown completed.
2019-03-05 00:14:27.851  INFO 2189 --- [main] com.wgbing.thinker.ThinkerApplication    : Starting ThinkerApplication on wgbingdeMacBook-Pro.local with PID 2189 (/Users/wgbing/IdeaProjects/GitHub/thinker/target/classes started by wgbing in /Users/wgbing/IdeaProjects/GitHub/thinker)
2019-03-05 00:14:27.855  INFO 2189 --- [main] com.wgbing.thinker.ThinkerApplication    : The following profiles are active: dev
2019-03-05 00:14:27.999  INFO 2189 --- [main] ConfigServletWebServerApplicationContext : Refreshing org.springframework.boot.web.servlet.context.AnnotationConfigServletWebServerApplicationContext@3b2c0e88: startup date [Tue Mar 05 00:14:27 CST 2019]; root of context hierarchy
2019-03-05 00:14:29.038  INFO 2189 --- [main] o.s.b.f.s.DefaultListableBeanFactory     : Overriding bean definition for bean 'customSecurityFilter' with a different definition: replacing [Generic bean: class [com.wgbing.thinker.config.security.CustomSecurityFilter]; scope=singleton; abstract=false; lazyInit=false; autowireMode=0; dependencyCheck=0; autowireCandidate=true; primary=false; factoryBeanName=null; factoryMethodName=null; initMethodName=null; destroyMethodName=null; defined in file [/Users/wgbing/IdeaProjects/GitHub/thinker/target/classes/com/wgbing/thinker/config/security/CustomSecurityFilter.class]] with [Root bean: class [null]; scope=; abstract=false; lazyInit=false; autowireMode=3; dependencyCheck=0; autowireCandidate=true; primary=false; factoryBeanName=webSecurityConfig; factoryMethodName=customSecurityFilter; initMethodName=null; destroyMethodName=(inferred); defined in class path resource [com/wgbing/thinker/config/security/WebSecurityConfig.class]]
2019-03-05 00:14:30.144  INFO 2189 --- [main] trationDelegate$BeanPostProcessorChecker : Bean 'org.springframework.security.config.annotation.configuration.ObjectPostProcessorConfiguration' of type [org.springframework.security.config.annotation.configuration.ObjectPostProcessorConfiguration$$EnhancerBySpringCGLIB$$fbac8b4e] is not eligible for getting processed by all BeanPostProcessors (for example: not eligible for auto-proxying)
2019-03-05 00:14:30.161  INFO 2189 --- [main] trationDelegate$BeanPostProcessorChecker : Bean 'objectPostProcessor' of type [org.springframework.security.config.annotation.configuration.AutowireBeanFactoryObjectPostProcessor] is not eligible for getting processed by all BeanPostProcessors (for example: not eligible for auto-proxying)
2019-03-05 00:14:30.164  INFO 2189 --- [main] trationDelegate$BeanPostProcessorChecker : Bean 'org.springframework.security.access.expression.method.DefaultMethodSecurityExpressionHandler@363c4251' of type [org.springframework.security.access.expression.method.DefaultMethodSecurityExpressionHandler] is not eligible for getting processed by all BeanPostProcessors (for example: not eligible for auto-proxying)
2019-03-05 00:14:30.169  INFO 2189 --- [main] trationDelegate$BeanPostProcessorChecker : Bean 'org.springframework.security.config.annotation.method.configuration.GlobalMethodSecurityConfiguration' of type [org.springframework.security.config.annotation.method.configuration.GlobalMethodSecurityConfiguration$$EnhancerBySpringCGLIB$$20812e00] is not eligible for getting processed by all BeanPostProcessors (for example: not eligible for auto-proxying)
2019-03-05 00:14:30.178  INFO 2189 --- [main] trationDelegate$BeanPostProcessorChecker : Bean 'methodSecurityMetadataSource' of type [org.springframework.security.access.method.DelegatingMethodSecurityMetadataSource] is not eligible for getting processed by all BeanPostProcessors (for example: not eligible for auto-proxying)
2019-03-05 00:14:30.191  INFO 2189 --- [main] trationDelegate$BeanPostProcessorChecker : Bean 'org.springframework.transaction.annotation.ProxyTransactionManagementConfiguration' of type [org.springframework.transaction.annotation.ProxyTransactionManagementConfiguration$$EnhancerBySpringCGLIB$$62fec314] is not eligible for getting processed by all BeanPostProcessors (for example: not eligible for auto-proxying)
2019-03-05 00:14:30.652  INFO 2189 --- [main] o.s.b.w.embedded.tomcat.TomcatWebServer  : Tomcat initialized with port(s): 8088 (http)
2019-03-05 00:14:30.678  INFO 2189 --- [main] o.apache.catalina.core.StandardService   : Starting service [Tomcat]
2019-03-05 00:14:30.679  INFO 2189 --- [main] org.apache.catalina.core.StandardEngine  : Starting Servlet Engine: Apache Tomcat/8.5.31
2019-03-05 00:14:30.684  INFO 2189 --- [localhost-startStop-1] o.a.catalina.core.AprLifecycleListener   : The APR based Apache Tomcat Native library which allows optimal performance in production environments was not found on the java.library.path: [/Users/wgbing/Library/Java/Extensions:/Library/Java/Extensions:/Network/Library/Java/Extensions:/System/Library/Java/Extensions:/usr/lib/java:.]
2019-03-05 00:14:30.772  INFO 2189 --- [localhost-startStop-1] o.a.c.c.C.[Tomcat].[localhost].[/]       : Initializing Spring embedded WebApplicationContext
2019-03-05 00:14:31.270  INFO 2189 --- [localhost-startStop-1] j.LocalContainerEntityManagerFactoryBean : Building JPA container EntityManagerFactory for persistence unit 'primaryPersistenceUnit'
2019-03-05 00:14:31.282  INFO 2189 --- [localhost-startStop-1] o.hibernate.jpa.internal.util.LogHelper  : HHH000204: Processing PersistenceUnitInfo [
	name: primaryPersistenceUnit
	...]
2019-03-05 00:14:31.514  INFO 2189 --- [localhost-startStop-1] org.hibernate.Version                    : HHH000412: Hibernate Core {5.2.17.Final}
2019-03-05 00:14:31.516  INFO 2189 --- [localhost-startStop-1] org.hibernate.cfg.Environment            : HHH000206: hibernate.properties not found
2019-03-05 00:14:31.569  INFO 2189 --- [localhost-startStop-1] o.hibernate.annotations.common.Version   : HCANN000001: Hibernate Commons Annotations {5.0.1.Final}
2019-03-05 00:14:32.036  INFO 2189 --- [localhost-startStop-1] com.zaxxer.hikari.HikariDataSource       : HikariPool-1 - Starting...
2019-03-05 00:14:32.231  INFO 2189 --- [localhost-startStop-1] com.zaxxer.hikari.HikariDataSource       : HikariPool-1 - Start completed.
2019-03-05 00:14:32.248  INFO 2189 --- [localhost-startStop-1] org.hibernate.dialect.Dialect            : HHH000400: Using dialect: org.hibernate.dialect.MySQL5InnoDBDialect
2019-03-05 00:14:33.147  INFO 2189 --- [localhost-startStop-1] j.LocalContainerEntityManagerFactoryBean : Initialized JPA EntityManagerFactory for persistence unit 'primaryPersistenceUnit'
2019-03-05 00:14:33.562  INFO 2189 --- [localhost-startStop-1] o.h.h.i.QueryTranslatorFactoryInitiator  : HHH000397: Using ASTQueryTranslatorFactory
2019-03-05 00:14:33.880  WARN 2189 --- [localhost-startStop-1] c.w.t.c.security.CustomSecurityFilter    : Could not validate configuration attributes as the SecurityMetadataSource did not return any attributes from getAllConfigAttributes()
2019-03-05 00:14:33.974  INFO 2189 --- [localhost-startStop-1] o.s.b.w.servlet.FilterRegistrationBean   : Mapping filter: 'characterEncodingFilter' to: [/*]
2019-03-05 00:14:33.975  INFO 2189 --- [localhost-startStop-1] .s.DelegatingFilterProxyRegistrationBean : Mapping filter: 'springSecurityFilterChain' to: [/*]
2019-03-05 00:14:33.976  INFO 2189 --- [localhost-startStop-1] o.s.b.w.servlet.FilterRegistrationBean   : Mapping filter: 'customSecurityFilter' to: [/*]
2019-03-05 00:14:33.976  INFO 2189 --- [localhost-startStop-1] o.s.b.w.servlet.FilterRegistrationBean   : Mapping filter: 'customUsernamePasswordAuthenticationFilter' to: [/*]
2019-03-05 00:14:33.976  INFO 2189 --- [localhost-startStop-1] o.s.b.w.servlet.FilterRegistrationBean   : Mapping filter: 'concurrencyFilter' to: [/*]
2019-03-05 00:14:33.976  INFO 2189 --- [localhost-startStop-1] o.s.b.w.servlet.ServletRegistrationBean  : Servlet dispatcherServlet mapped to [/]
2019-03-05 00:14:34.851  INFO 2189 --- [main] o.s.s.web.DefaultSecurityFilterChain     : Creating filter chain: org.springframework.security.web.util.matcher.AnyRequestMatcher@1, [org.springframework.security.web.context.request.async.WebAsyncManagerIntegrationFilter@251c4280, org.springframework.security.web.context.SecurityContextPersistenceFilter@5bcec67e, org.springframework.security.web.header.HeaderWriterFilter@6b2dd3df, org.springframework.security.web.csrf.CsrfFilter@1c8f6c66, org.springframework.security.web.authentication.logout.LogoutFilter@6ad1701a, com.wgbing.thinker.config.security.CustomAuthenticationFilter@46c7c374, org.springframework.security.web.authentication.UsernamePasswordAuthenticationFilter@f2b90fc, org.springframework.security.web.session.ConcurrentSessionFilter@47b65999, org.springframework.security.web.savedrequest.RequestCacheAwareFilter@7a2fce12, org.springframework.security.web.servletapi.SecurityContextHolderAwareRequestFilter@4a070cf0, org.springframework.security.web.authentication.AnonymousAuthenticationFilter@35650279, org.springframework.security.web.session.SessionManagementFilter@73c48264, org.springframework.security.web.access.ExceptionTranslationFilter@6b5ab2f2, com.wgbing.thinker.config.security.CustomSecurityFilter@23907f51, org.springframework.security.web.access.intercept.FilterSecurityInterceptor@5d508d22]
2019-03-05 00:14:35.046  WARN 2189 --- [main] aWebConfiguration$JpaWebMvcConfiguration : spring.jpa.open-in-view is enabled by default. Therefore, database queries may be performed during view rendering. Explicitly configure spring.jpa.open-in-view to disable this warning
2019-03-05 00:14:35.573  INFO 2189 --- [main] o.s.j.e.a.AnnotationMBeanExporter        : Registering beans for JMX exposure on startup
2019-03-05 00:14:35.575  INFO 2189 --- [main] o.s.j.e.a.AnnotationMBeanExporter        : Bean with name 'dataSource' has been autodetected for JMX exposure
2019-03-05 00:14:35.582  INFO 2189 --- [main] o.s.j.e.a.AnnotationMBeanExporter        : Located MBean 'dataSource': registering with JMX server as MBean [com.zaxxer.hikari:name=dataSource,type=HikariDataSource]
2019-03-05 00:14:35.637  INFO 2189 --- [main] o.s.b.w.embedded.tomcat.TomcatWebServer  : Tomcat started on port(s): 8088 (http) with context path ''
2019-03-05 00:14:35.641  INFO 2189 --- [main] com.wgbing.thinker.ThinkerApplication    : Started ThinkerApplication in 8.859 seconds (JVM running for 10.277)
2019-03-05 00:14:49.125  INFO 2189 --- [http-nio-8088-exec-1] o.a.c.c.C.[Tomcat].[localhost].[/]       : Initializing Spring FrameworkServlet 'dispatcherServlet'
2019-03-05 00:23:44.343  INFO 2189 --- [Thread-21] ConfigServletWebServerApplicationContext : Closing org.springframework.boot.web.servlet.context.AnnotationConfigServletWebServerApplicationContext@3b2c0e88: startup date [Tue Mar 05 00:14:27 CST 2019]; root of context hierarchy
2019-03-05 00:23:44.372  INFO 2189 --- [Thread-21] o.s.j.e.a.AnnotationMBeanExporter        : Unregistering JMX-exposed beans on shutdown
2019-03-05 00:23:44.374  INFO 2189 --- [Thread-21] o.s.j.e.a.AnnotationMBeanExporter        : Unregistering JMX-exposed beans
2019-03-05 00:23:44.380  INFO 2189 --- [Thread-21] j.LocalContainerEntityManagerFactoryBean : Closing JPA EntityManagerFactory for persistence unit 'primaryPersistenceUnit'
2019-03-05 00:23:44.385  INFO 2189 --- [Thread-21] com.zaxxer.hikari.HikariDataSource       : HikariPool-1 - Shutdown initiated...
2019-03-05 00:23:44.398  INFO 2189 --- [Thread-21] com.zaxxer.hikari.HikariDataSource       : HikariPool-1 - Shutdown completed.
2019-03-05 00:23:55.498  INFO 2217 --- [main] com.wgbing.thinker.ThinkerApplication    : Starting ThinkerApplication on wgbingdeMacBook-Pro.local with PID 2217 (/Users/wgbing/IdeaProjects/GitHub/thinker/target/classes started by wgbing in /Users/wgbing/IdeaProjects/GitHub/thinker)
2019-03-05 00:23:55.518  INFO 2217 --- [main] com.wgbing.thinker.ThinkerApplication    : The following profiles are active: dev
2019-03-05 00:23:55.691  INFO 2217 --- [main] ConfigServletWebServerApplicationContext : Refreshing org.springframework.boot.web.servlet.context.AnnotationConfigServletWebServerApplicationContext@189aa67a: startup date [Tue Mar 05 00:23:55 CST 2019]; root of context hierarchy
2019-03-05 00:23:57.349  INFO 2217 --- [main] o.s.b.f.s.DefaultListableBeanFactory     : Overriding bean definition for bean 'customSecurityFilter' with a different definition: replacing [Generic bean: class [com.wgbing.thinker.config.security.CustomSecurityFilter]; scope=singleton; abstract=false; lazyInit=false; autowireMode=0; dependencyCheck=0; autowireCandidate=true; primary=false; factoryBeanName=null; factoryMethodName=null; initMethodName=null; destroyMethodName=null; defined in file [/Users/wgbing/IdeaProjects/GitHub/thinker/target/classes/com/wgbing/thinker/config/security/CustomSecurityFilter.class]] with [Root bean: class [null]; scope=; abstract=false; lazyInit=false; autowireMode=3; dependencyCheck=0; autowireCandidate=true; primary=false; factoryBeanName=webSecurityConfig; factoryMethodName=customSecurityFilter; initMethodName=null; destroyMethodName=(inferred); defined in class path resource [com/wgbing/thinker/config/security/WebSecurityConfig.class]]
2019-03-05 00:23:58.067  INFO 2217 --- [main] trationDelegate$BeanPostProcessorChecker : Bean 'org.springframework.security.config.annotation.configuration.ObjectPostProcessorConfiguration' of type [org.springframework.security.config.annotation.configuration.ObjectPostProcessorConfiguration$$EnhancerBySpringCGLIB$$271cf2a7] is not eligible for getting processed by all BeanPostProcessors (for example: not eligible for auto-proxying)
2019-03-05 00:23:58.093  INFO 2217 --- [main] trationDelegate$BeanPostProcessorChecker : Bean 'objectPostProcessor' of type [org.springframework.security.config.annotation.configuration.AutowireBeanFactoryObjectPostProcessor] is not eligible for getting processed by all BeanPostProcessors (for example: not eligible for auto-proxying)
2019-03-05 00:23:58.098  INFO 2217 --- [main] trationDelegate$BeanPostProcessorChecker : Bean 'org.springframework.security.access.expression.method.DefaultMethodSecurityExpressionHandler@12fcc71f' of type [org.springframework.security.access.expression.method.DefaultMethodSecurityExpressionHandler] is not eligible for getting processed by all BeanPostProcessors (for example: not eligible for auto-proxying)
2019-03-05 00:23:58.108  INFO 2217 --- [main] trationDelegate$BeanPostProcessorChecker : Bean 'org.springframework.security.config.annotation.method.configuration.GlobalMethodSecurityConfiguration' of type [org.springframework.security.config.annotation.method.configuration.GlobalMethodSecurityConfiguration$$EnhancerBySpringCGLIB$$4bf19559] is not eligible for getting processed by all BeanPostProcessors (for example: not eligible for auto-proxying)
2019-03-05 00:23:58.118  INFO 2217 --- [main] trationDelegate$BeanPostProcessorChecker : Bean 'methodSecurityMetadataSource' of type [org.springframework.security.access.method.DelegatingMethodSecurityMetadataSource] is not eligible for getting processed by all BeanPostProcessors (for example: not eligible for auto-proxying)
2019-03-05 00:23:58.134  INFO 2217 --- [main] trationDelegate$BeanPostProcessorChecker : Bean 'org.springframework.transaction.annotation.ProxyTransactionManagementConfiguration' of type [org.springframework.transaction.annotation.ProxyTransactionManagementConfiguration$$EnhancerBySpringCGLIB$$8e6f2a6d] is not eligible for getting processed by all BeanPostProcessors (for example: not eligible for auto-proxying)
2019-03-05 00:23:58.633  INFO 2217 --- [main] o.s.b.w.embedded.tomcat.TomcatWebServer  : Tomcat initialized with port(s): 8088 (http)
2019-03-05 00:23:58.660  INFO 2217 --- [main] o.apache.catalina.core.StandardService   : Starting service [Tomcat]
2019-03-05 00:23:58.660  INFO 2217 --- [main] org.apache.catalina.core.StandardEngine  : Starting Servlet Engine: Apache Tomcat/8.5.31
2019-03-05 00:23:58.666  INFO 2217 --- [localhost-startStop-1] o.a.catalina.core.AprLifecycleListener   : The APR based Apache Tomcat Native library which allows optimal performance in production environments was not found on the java.library.path: [/Users/wgbing/Library/Java/Extensions:/Library/Java/Extensions:/Network/Library/Java/Extensions:/System/Library/Java/Extensions:/usr/lib/java:.]
2019-03-05 00:23:58.760  INFO 2217 --- [localhost-startStop-1] o.a.c.c.C.[Tomcat].[localhost].[/]       : Initializing Spring embedded WebApplicationContext
2019-03-05 00:23:59.259  INFO 2217 --- [localhost-startStop-1] j.LocalContainerEntityManagerFactoryBean : Building JPA container EntityManagerFactory for persistence unit 'primaryPersistenceUnit'
2019-03-05 00:23:59.272  INFO 2217 --- [localhost-startStop-1] o.hibernate.jpa.internal.util.LogHelper  : HHH000204: Processing PersistenceUnitInfo [
	name: primaryPersistenceUnit
	...]
2019-03-05 00:23:59.501  INFO 2217 --- [localhost-startStop-1] org.hibernate.Version                    : HHH000412: Hibernate Core {5.2.17.Final}
2019-03-05 00:23:59.504  INFO 2217 --- [localhost-startStop-1] org.hibernate.cfg.Environment            : HHH000206: hibernate.properties not found
2019-03-05 00:23:59.575  INFO 2217 --- [localhost-startStop-1] o.hibernate.annotations.common.Version   : HCANN000001: Hibernate Commons Annotations {5.0.1.Final}
2019-03-05 00:24:00.082  INFO 2217 --- [localhost-startStop-1] com.zaxxer.hikari.HikariDataSource       : HikariPool-1 - Starting...
2019-03-05 00:24:00.300  INFO 2217 --- [localhost-startStop-1] com.zaxxer.hikari.HikariDataSource       : HikariPool-1 - Start completed.
2019-03-05 00:24:00.321  INFO 2217 --- [localhost-startStop-1] org.hibernate.dialect.Dialect            : HHH000400: Using dialect: org.hibernate.dialect.MySQL5InnoDBDialect
2019-03-05 00:24:01.287  INFO 2217 --- [localhost-startStop-1] j.LocalContainerEntityManagerFactoryBean : Initialized JPA EntityManagerFactory for persistence unit 'primaryPersistenceUnit'
2019-03-05 00:24:01.732  INFO 2217 --- [localhost-startStop-1] o.h.h.i.QueryTranslatorFactoryInitiator  : HHH000397: Using ASTQueryTranslatorFactory
2019-03-05 00:24:02.137  WARN 2217 --- [localhost-startStop-1] c.w.t.c.security.CustomSecurityFilter    : Could not validate configuration attributes as the SecurityMetadataSource did not return any attributes from getAllConfigAttributes()
2019-03-05 00:24:02.229  INFO 2217 --- [localhost-startStop-1] o.s.b.w.servlet.FilterRegistrationBean   : Mapping filter: 'characterEncodingFilter' to: [/*]
2019-03-05 00:24:02.231  INFO 2217 --- [localhost-startStop-1] .s.DelegatingFilterProxyRegistrationBean : Mapping filter: 'springSecurityFilterChain' to: [/*]
2019-03-05 00:24:02.231  INFO 2217 --- [localhost-startStop-1] o.s.b.w.servlet.FilterRegistrationBean   : Mapping filter: 'customSecurityFilter' to: [/*]
2019-03-05 00:24:02.231  INFO 2217 --- [localhost-startStop-1] o.s.b.w.servlet.FilterRegistrationBean   : Mapping filter: 'customUsernamePasswordAuthenticationFilter' to: [/*]
2019-03-05 00:24:02.231  INFO 2217 --- [localhost-startStop-1] o.s.b.w.servlet.FilterRegistrationBean   : Mapping filter: 'concurrencyFilter' to: [/*]
2019-03-05 00:24:02.231  INFO 2217 --- [localhost-startStop-1] o.s.b.w.servlet.ServletRegistrationBean  : Servlet dispatcherServlet mapped to [/]
2019-03-05 00:24:03.390  INFO 2217 --- [main] o.s.s.web.DefaultSecurityFilterChain     : Creating filter chain: org.springframework.security.web.util.matcher.AnyRequestMatcher@1, [org.springframework.security.web.context.request.async.WebAsyncManagerIntegrationFilter@dd3f8aa, org.springframework.security.web.context.SecurityContextPersistenceFilter@7a682d35, org.springframework.security.web.header.HeaderWriterFilter@535a518c, org.springframework.security.web.csrf.CsrfFilter@576b7c74, org.springframework.security.web.authentication.logout.LogoutFilter@4538856f, com.wgbing.thinker.config.security.CustomAuthenticationFilter@678e76f1, org.springframework.security.web.authentication.UsernamePasswordAuthenticationFilter@6588b715, org.springframework.security.web.session.ConcurrentSessionFilter@2f5bab6f, org.springframework.security.web.savedrequest.RequestCacheAwareFilter@61a2aeb7, org.springframework.security.web.servletapi.SecurityContextHolderAwareRequestFilter@789c3057, org.springframework.security.web.authentication.AnonymousAuthenticationFilter@3d615b2e, org.springframework.security.web.session.SessionManagementFilter@3a4aadf8, org.springframework.security.web.access.ExceptionTranslationFilter@1ca3d25b, com.wgbing.thinker.config.security.CustomSecurityFilter@611b3ab4, org.springframework.security.web.access.intercept.FilterSecurityInterceptor@33feda48]
2019-03-05 00:24:03.640  WARN 2217 --- [main] aWebConfiguration$JpaWebMvcConfiguration : spring.jpa.open-in-view is enabled by default. Therefore, database queries may be performed during view rendering. Explicitly configure spring.jpa.open-in-view to disable this warning
2019-03-05 00:24:04.112  INFO 2217 --- [main] o.s.j.e.a.AnnotationMBeanExporter        : Registering beans for JMX exposure on startup
2019-03-05 00:24:04.114  INFO 2217 --- [main] o.s.j.e.a.AnnotationMBeanExporter        : Bean with name 'dataSource' has been autodetected for JMX exposure
2019-03-05 00:24:04.122  INFO 2217 --- [main] o.s.j.e.a.AnnotationMBeanExporter        : Located MBean 'dataSource': registering with JMX server as MBean [com.zaxxer.hikari:name=dataSource,type=HikariDataSource]
2019-03-05 00:24:04.181  INFO 2217 --- [main] o.s.b.w.embedded.tomcat.TomcatWebServer  : Tomcat started on port(s): 8088 (http) with context path ''
2019-03-05 00:24:04.185  INFO 2217 --- [main] com.wgbing.thinker.ThinkerApplication    : Started ThinkerApplication in 9.702 seconds (JVM running for 11.302)
2019-03-05 00:24:31.382  INFO 2217 --- [http-nio-8088-exec-1] o.a.c.c.C.[Tomcat].[localhost].[/]       : Initializing Spring FrameworkServlet 'dispatcherServlet'
2019-03-05 00:27:38.193  INFO 2217 --- [Thread-23] ConfigServletWebServerApplicationContext : Closing org.springframework.boot.web.servlet.context.AnnotationConfigServletWebServerApplicationContext@189aa67a: startup date [Tue Mar 05 00:23:55 CST 2019]; root of context hierarchy
2019-03-05 00:27:38.206  INFO 2217 --- [Thread-23] o.s.j.e.a.AnnotationMBeanExporter        : Unregistering JMX-exposed beans on shutdown
2019-03-05 00:27:38.207  INFO 2217 --- [Thread-23] o.s.j.e.a.AnnotationMBeanExporter        : Unregistering JMX-exposed beans
2019-03-05 00:27:38.215  INFO 2217 --- [Thread-23] j.LocalContainerEntityManagerFactoryBean : Closing JPA EntityManagerFactory for persistence unit 'primaryPersistenceUnit'
2019-03-05 00:27:38.218  INFO 2217 --- [Thread-23] com.zaxxer.hikari.HikariDataSource       : HikariPool-1 - Shutdown initiated...
2019-03-05 00:27:38.223  INFO 2217 --- [Thread-23] com.zaxxer.hikari.HikariDataSource       : HikariPool-1 - Shutdown completed.
